
lab3.elf:     file format elf32-littlearm

Sections:
Idx Name          Size      VMA       LMA       File off  Algn
  0 .text         00000570  0c100000  0c100000  00008000  2**2
                  CONTENTS, ALLOC, LOAD, READONLY, CODE
  1 .rodata       00000010  0c100570  0c100570  00008570  2**2
                  CONTENTS, ALLOC, LOAD, READONLY, DATA
  2 .bss          00000001  0c100580  0c100580  00008580  2**0
                  ALLOC
  3 .debug_abbrev 00000213  00000000  00000000  00008580  2**0
                  CONTENTS, READONLY, DEBUGGING
  4 .debug_info   0000038f  00000000  00000000  00008793  2**0
                  CONTENTS, READONLY, DEBUGGING
  5 .debug_line   0000028d  00000000  00000000  00008b22  2**0
                  CONTENTS, READONLY, DEBUGGING
  6 .debug_macinfo 0000f654  00000000  00000000  00008daf  2**0
                  CONTENTS, READONLY, DEBUGGING
  7 .debug_loc    0000023c  00000000  00000000  00018403  2**0
                  CONTENTS, READONLY, DEBUGGING
  8 .debug_pubnames 000000e7  00000000  00000000  0001863f  2**0
                  CONTENTS, READONLY, DEBUGGING
  9 .debug_pubtypes 00000087  00000000  00000000  00018726  2**0
                  CONTENTS, READONLY, DEBUGGING
 10 .debug_aranges 00000080  00000000  00000000  000187ad  2**0
                  CONTENTS, READONLY, DEBUGGING
 11 .debug_str    00000156  00000000  00000000  0001882d  2**0
                  CONTENTS, READONLY, DEBUGGING
 12 .comment      0000002a  00000000  00000000  00018983  2**0
                  CONTENTS, READONLY
 13 .ARM.attributes 00000032  00000000  00000000  000189ad  2**0
                  CONTENTS, READONLY
 14 .debug_frame  000001e4  00000000  00000000  000189e0  2**2
                  CONTENTS, READONLY, DEBUGGING

Disassembly of section .text:

0c100000 <main>:
#include <leds.h>

void delay( void );

void main( void )
{
 c100000:	e1a0c00d 	mov	ip, sp
 c100004:	e92dd800 	push	{fp, ip, lr, pc}
 c100008:	e24cb004 	sub	fp, ip, #4
 c10000c:	e24dd008 	sub	sp, sp, #8
    uint8 i;
    
    sys_init();
 c100010:	eb0000a7 	bl	c1002b4 <sys_init>
    segs_init();
 c100014:	eb000120 	bl	c10049c <segs_init>
    leds_init();
 c100018:	eb0000ac 	bl	c1002d0 <leds_init>
    while( 1 ) 
    {

        /************************************/

        led_on( RIGHT_LED );
 c10001c:	e3a00002 	mov	r0, #2
 c100020:	eb0000d1 	bl	c10036c <led_on>
        segs_putchar( led_status( RIGHT_LED ) );
 c100024:	e3a00002 	mov	r0, #2
 c100028:	eb000105 	bl	c100444 <led_status>
 c10002c:	e1a03000 	mov	r3, r0
 c100030:	e1a00003 	mov	r0, r3
 c100034:	eb00012d 	bl	c1004f0 <segs_putchar>
        delay();
 c100038:	eb00002d 	bl	c1000f4 <delay>
        led_off( RIGHT_LED );
 c10003c:	e3a00002 	mov	r0, #2
 c100040:	eb0000ae 	bl	c100300 <led_off>
        segs_putchar( led_status( RIGHT_LED ) );
 c100044:	e3a00002 	mov	r0, #2
 c100048:	eb0000fd 	bl	c100444 <led_status>
 c10004c:	e1a03000 	mov	r3, r0
 c100050:	e1a00003 	mov	r0, r3
 c100054:	eb000125 	bl	c1004f0 <segs_putchar>
        delay();
 c100058:	eb000025 	bl	c1000f4 <delay>
        led_on( LEFT_LED );
 c10005c:	e3a00001 	mov	r0, #1
 c100060:	eb0000c1 	bl	c10036c <led_on>
        segs_putchar( led_status( LEFT_LED ) );
 c100064:	e3a00001 	mov	r0, #1
 c100068:	eb0000f5 	bl	c100444 <led_status>
 c10006c:	e1a03000 	mov	r3, r0
 c100070:	e1a00003 	mov	r0, r3
 c100074:	eb00011d 	bl	c1004f0 <segs_putchar>
        delay();
 c100078:	eb00001d 	bl	c1000f4 <delay>
        led_off( LEFT_LED );
 c10007c:	e3a00001 	mov	r0, #1
 c100080:	eb00009e 	bl	c100300 <led_off>
        segs_putchar( led_status( LEFT_LED ) );
 c100084:	e3a00001 	mov	r0, #1
 c100088:	eb0000ed 	bl	c100444 <led_status>
 c10008c:	e1a03000 	mov	r3, r0
 c100090:	e1a00003 	mov	r0, r3
 c100094:	eb000115 	bl	c1004f0 <segs_putchar>
        delay();               
 c100098:	eb000015 	bl	c1000f4 <delay>

        /************************************/

        for( i=0; i<16; i++ )
 c10009c:	e3a03000 	mov	r3, #0
 c1000a0:	e54b300d 	strb	r3, [fp, #-13]
 c1000a4:	ea00000a 	b	c1000d4 <main+0xd4>
        {
            led_toggle( RIGHT_LED );
 c1000a8:	e3a00002 	mov	r0, #2
 c1000ac:	eb0000c9 	bl	c1003d8 <led_toggle>
            led_toggle( LEFT_LED );
 c1000b0:	e3a00001 	mov	r0, #1
 c1000b4:	eb0000c7 	bl	c1003d8 <led_toggle>
            segs_putchar( i );
 c1000b8:	e55b300d 	ldrb	r3, [fp, #-13]
 c1000bc:	e1a00003 	mov	r0, r3
 c1000c0:	eb00010a 	bl	c1004f0 <segs_putchar>
            delay();
 c1000c4:	eb00000a 	bl	c1000f4 <delay>
        segs_putchar( led_status( LEFT_LED ) );
        delay();               

        /************************************/

        for( i=0; i<16; i++ )
 c1000c8:	e55b300d 	ldrb	r3, [fp, #-13]
 c1000cc:	e2833001 	add	r3, r3, #1
 c1000d0:	e54b300d 	strb	r3, [fp, #-13]
 c1000d4:	e55b300d 	ldrb	r3, [fp, #-13]
 c1000d8:	e353000f 	cmp	r3, #15
 c1000dc:	9afffff1 	bls	c1000a8 <main+0xa8>
            led_toggle( RIGHT_LED );
            led_toggle( LEFT_LED );
            segs_putchar( i );
            delay();
        }
        led_off( RIGHT_LED );
 c1000e0:	e3a00002 	mov	r0, #2
 c1000e4:	eb000085 	bl	c100300 <led_off>
        led_off( LEFT_LED );
 c1000e8:	e3a00001 	mov	r0, #1
 c1000ec:	eb000083 	bl	c100300 <led_off>

        /************************************/

    }
 c1000f0:	eaffffc9 	b	c10001c <main+0x1c>

0c1000f4 <delay>:
}

void delay( void )
{
 c1000f4:	e1a0c00d 	mov	ip, sp
 c1000f8:	e92dd810 	push	{r4, fp, ip, lr, pc}
 c1000fc:	e24cb004 	sub	fp, ip, #4
    register uint32 i;

    for( i=0; i<2000000; i++ );
 c100100:	e3a04000 	mov	r4, #0
 c100104:	ea000000 	b	c10010c <delay+0x18>
 c100108:	e2844001 	add	r4, r4, #1
 c10010c:	e59f3010 	ldr	r3, [pc, #16]	; c100124 <delay+0x30>
 c100110:	e1540003 	cmp	r4, r3
 c100114:	9afffffb 	bls	c100108 <delay+0x14>
} 
 c100118:	e24bd010 	sub	sp, fp, #16
 c10011c:	e89d6810 	ldm	sp, {r4, fp, sp, lr}
 c100120:	e12fff1e 	bx	lr
 c100124:	001e847f 	.word	0x001e847f

0c100128 <port_init>:
#include <s3c44b0x.h>
#include "systemLab3.h"    

static void port_init( void )
{
 c100128:	e1a0c00d 	mov	ip, sp
 c10012c:	e92dd800 	push	{fp, ip, lr, pc}
 c100130:	e24cb004 	sub	fp, ip, #4
    PDATA = ~0;
 c100134:	e59f3100 	ldr	r3, [pc, #256]	; c10023c <port_init+0x114>
 c100138:	e3e02000 	mvn	r2, #0
 c10013c:	e5832000 	str	r2, [r3]
    PCONA = 0xFE;
 c100140:	e59f30f8 	ldr	r3, [pc, #248]	; c100240 <port_init+0x118>
 c100144:	e3a020fe 	mov	r2, #254	; 0xfe
 c100148:	e5832000 	str	r2, [r3]

    PDATB = ~0;
 c10014c:	e59f30f0 	ldr	r3, [pc, #240]	; c100244 <port_init+0x11c>
 c100150:	e3e02000 	mvn	r2, #0
 c100154:	e5832000 	str	r2, [r3]
    PCONB = 0x14F;
 c100158:	e59f30e8 	ldr	r3, [pc, #232]	; c100248 <port_init+0x120>
 c10015c:	e59f20e8 	ldr	r2, [pc, #232]	; c10024c <port_init+0x124>
 c100160:	e5832000 	str	r2, [r3]

    PDATC = ~0;
 c100164:	e59f30e4 	ldr	r3, [pc, #228]	; c100250 <port_init+0x128>
 c100168:	e3e02000 	mvn	r2, #0
 c10016c:	e5832000 	str	r2, [r3]
    PCONC = 0x5FF555FF;
 c100170:	e59f30dc 	ldr	r3, [pc, #220]	; c100254 <port_init+0x12c>
 c100174:	e59f20dc 	ldr	r2, [pc, #220]	; c100258 <port_init+0x130>
 c100178:	e5832000 	str	r2, [r3]
    PUPC  = 0x94FB;
 c10017c:	e59f30d8 	ldr	r3, [pc, #216]	; c10025c <port_init+0x134>
 c100180:	e59f20d8 	ldr	r2, [pc, #216]	; c100260 <port_init+0x138>
 c100184:	e5832000 	str	r2, [r3]

    PDATD = ~0;
 c100188:	e59f30d4 	ldr	r3, [pc, #212]	; c100264 <port_init+0x13c>
 c10018c:	e3e02000 	mvn	r2, #0
 c100190:	e5832000 	str	r2, [r3]
    PCOND = 0xAAAA;
 c100194:	e59f30cc 	ldr	r3, [pc, #204]	; c100268 <port_init+0x140>
 c100198:	e59f20cc 	ldr	r2, [pc, #204]	; c10026c <port_init+0x144>
 c10019c:	e5832000 	str	r2, [r3]
    PUPD  = 0xFF;
 c1001a0:	e59f30c8 	ldr	r3, [pc, #200]	; c100270 <port_init+0x148>
 c1001a4:	e3a020ff 	mov	r2, #255	; 0xff
 c1001a8:	e5832000 	str	r2, [r3]
    
    PDATE = ~0;
 c1001ac:	e59f30c0 	ldr	r3, [pc, #192]	; c100274 <port_init+0x14c>
 c1001b0:	e3e02000 	mvn	r2, #0
 c1001b4:	e5832000 	str	r2, [r3]
    PCONE = 0x255A9;
 c1001b8:	e59f30b8 	ldr	r3, [pc, #184]	; c100278 <port_init+0x150>
 c1001bc:	e59f20b8 	ldr	r2, [pc, #184]	; c10027c <port_init+0x154>
 c1001c0:	e5832000 	str	r2, [r3]
    PUPE  = 0x1FB;
 c1001c4:	e59f30b4 	ldr	r3, [pc, #180]	; c100280 <port_init+0x158>
 c1001c8:	e59f20b4 	ldr	r2, [pc, #180]	; c100284 <port_init+0x15c>
 c1001cc:	e5832000 	str	r2, [r3]

    PDATF = ~0;
 c1001d0:	e59f30b0 	ldr	r3, [pc, #176]	; c100288 <port_init+0x160>
 c1001d4:	e3e02000 	mvn	r2, #0
 c1001d8:	e5832000 	str	r2, [r3]
    PCONF = 0x251A;
 c1001dc:	e59f30a8 	ldr	r3, [pc, #168]	; c10028c <port_init+0x164>
 c1001e0:	e59f20a8 	ldr	r2, [pc, #168]	; c100290 <port_init+0x168>
 c1001e4:	e5832000 	str	r2, [r3]
    PUPF  = 0x74;
 c1001e8:	e59f30a4 	ldr	r3, [pc, #164]	; c100294 <port_init+0x16c>
 c1001ec:	e3a02074 	mov	r2, #116	; 0x74
 c1001f0:	e5832000 	str	r2, [r3]
    
    PDATG = ~0;
 c1001f4:	e59f309c 	ldr	r3, [pc, #156]	; c100298 <port_init+0x170>
 c1001f8:	e3e02000 	mvn	r2, #0
 c1001fc:	e5832000 	str	r2, [r3]
    PCONG = 0xF5FF;
 c100200:	e59f3094 	ldr	r3, [pc, #148]	; c10029c <port_init+0x174>
 c100204:	e59f2094 	ldr	r2, [pc, #148]	; c1002a0 <port_init+0x178>
 c100208:	e5832000 	str	r2, [r3]
    PUPG  = 0x30;
 c10020c:	e59f3090 	ldr	r3, [pc, #144]	; c1002a4 <port_init+0x17c>
 c100210:	e3a02030 	mov	r2, #48	; 0x30
 c100214:	e5832000 	str	r2, [r3]

    SPUCR = 0x7;
 c100218:	e59f3088 	ldr	r3, [pc, #136]	; c1002a8 <port_init+0x180>
 c10021c:	e3a02007 	mov	r2, #7
 c100220:	e5832000 	str	r2, [r3]
    
    EXTINT = 0x22000220;
 c100224:	e59f3080 	ldr	r3, [pc, #128]	; c1002ac <port_init+0x184>
 c100228:	e59f2080 	ldr	r2, [pc, #128]	; c1002b0 <port_init+0x188>
 c10022c:	e5832000 	str	r2, [r3]
}
 c100230:	e24bd00c 	sub	sp, fp, #12
 c100234:	e89d6800 	ldm	sp, {fp, sp, lr}
 c100238:	e12fff1e 	bx	lr
 c10023c:	01d20004 	.word	0x01d20004
 c100240:	01d20000 	.word	0x01d20000
 c100244:	01d2000c 	.word	0x01d2000c
 c100248:	01d20008 	.word	0x01d20008
 c10024c:	0000014f 	.word	0x0000014f
 c100250:	01d20014 	.word	0x01d20014
 c100254:	01d20010 	.word	0x01d20010
 c100258:	5ff555ff 	.word	0x5ff555ff
 c10025c:	01d20018 	.word	0x01d20018
 c100260:	000094fb 	.word	0x000094fb
 c100264:	01d20020 	.word	0x01d20020
 c100268:	01d2001c 	.word	0x01d2001c
 c10026c:	0000aaaa 	.word	0x0000aaaa
 c100270:	01d20024 	.word	0x01d20024
 c100274:	01d2002c 	.word	0x01d2002c
 c100278:	01d20028 	.word	0x01d20028
 c10027c:	000255a9 	.word	0x000255a9
 c100280:	01d20030 	.word	0x01d20030
 c100284:	000001fb 	.word	0x000001fb
 c100288:	01d20038 	.word	0x01d20038
 c10028c:	01d20034 	.word	0x01d20034
 c100290:	0000251a 	.word	0x0000251a
 c100294:	01d2003c 	.word	0x01d2003c
 c100298:	01d20044 	.word	0x01d20044
 c10029c:	01d20040 	.word	0x01d20040
 c1002a0:	0000f5ff 	.word	0x0000f5ff
 c1002a4:	01d20048 	.word	0x01d20048
 c1002a8:	01d2004c 	.word	0x01d2004c
 c1002ac:	01d20050 	.word	0x01d20050
 c1002b0:	22000220 	.word	0x22000220

0c1002b4 <sys_init>:

void sys_init( void )
{
 c1002b4:	e1a0c00d 	mov	ip, sp
 c1002b8:	e92dd800 	push	{fp, ip, lr, pc}
 c1002bc:	e24cb004 	sub	fp, ip, #4
    port_init();    
 c1002c0:	ebffff98 	bl	c100128 <port_init>
}
 c1002c4:	e24bd00c 	sub	sp, fp, #12
 c1002c8:	e89d6800 	ldm	sp, {fp, sp, lr}
 c1002cc:	e12fff1e 	bx	lr

0c1002d0 <leds_init>:
#include <s3c44b0x.h>
#include <leds.h>

void leds_init( void )
{
 c1002d0:	e1a0c00d 	mov	ip, sp
 c1002d4:	e92dd800 	push	{fp, ip, lr, pc}
 c1002d8:	e24cb004 	sub	fp, ip, #4
	PDATB |= ((1 << 9) | (1 << 10));
 c1002dc:	e59f3018 	ldr	r3, [pc, #24]	; c1002fc <leds_init+0x2c>
 c1002e0:	e59f2014 	ldr	r2, [pc, #20]	; c1002fc <leds_init+0x2c>
 c1002e4:	e5922000 	ldr	r2, [r2]
 c1002e8:	e3822c06 	orr	r2, r2, #1536	; 0x600
 c1002ec:	e5832000 	str	r2, [r3]
}
 c1002f0:	e24bd00c 	sub	sp, fp, #12
 c1002f4:	e89d6800 	ldm	sp, {fp, sp, lr}
 c1002f8:	e12fff1e 	bx	lr
 c1002fc:	01d2000c 	.word	0x01d2000c

0c100300 <led_off>:

void led_off( uint8 led )
{
 c100300:	e1a0c00d 	mov	ip, sp
 c100304:	e92dd800 	push	{fp, ip, lr, pc}
 c100308:	e24cb004 	sub	fp, ip, #4
 c10030c:	e24dd008 	sub	sp, sp, #8
 c100310:	e1a03000 	mov	r3, r0
 c100314:	e54b300d 	strb	r3, [fp, #-13]
	if (led == RIGHT_LED)
 c100318:	e55b300d 	ldrb	r3, [fp, #-13]
 c10031c:	e3530002 	cmp	r3, #2
 c100320:	1a000005 	bne	c10033c <led_off+0x3c>
		PDATB |= (1 << 10);
 c100324:	e59f303c 	ldr	r3, [pc, #60]	; c100368 <led_off+0x68>
 c100328:	e59f2038 	ldr	r2, [pc, #56]	; c100368 <led_off+0x68>
 c10032c:	e5922000 	ldr	r2, [r2]
 c100330:	e3822b01 	orr	r2, r2, #1024	; 0x400
 c100334:	e5832000 	str	r2, [r3]
 c100338:	ea000007 	b	c10035c <led_off+0x5c>
	else if (led == LEFT_LED)
 c10033c:	e55b300d 	ldrb	r3, [fp, #-13]
 c100340:	e3530001 	cmp	r3, #1
 c100344:	1a000004 	bne	c10035c <led_off+0x5c>
		PDATB |= (1 << 9);
 c100348:	e59f3018 	ldr	r3, [pc, #24]	; c100368 <led_off+0x68>
 c10034c:	e59f2014 	ldr	r2, [pc, #20]	; c100368 <led_off+0x68>
 c100350:	e5922000 	ldr	r2, [r2]
 c100354:	e3822c02 	orr	r2, r2, #512	; 0x200
 c100358:	e5832000 	str	r2, [r3]
}
 c10035c:	e24bd00c 	sub	sp, fp, #12
 c100360:	e89d6800 	ldm	sp, {fp, sp, lr}
 c100364:	e12fff1e 	bx	lr
 c100368:	01d2000c 	.word	0x01d2000c

0c10036c <led_on>:

void led_on( uint8 led )
{
 c10036c:	e1a0c00d 	mov	ip, sp
 c100370:	e92dd800 	push	{fp, ip, lr, pc}
 c100374:	e24cb004 	sub	fp, ip, #4
 c100378:	e24dd008 	sub	sp, sp, #8
 c10037c:	e1a03000 	mov	r3, r0
 c100380:	e54b300d 	strb	r3, [fp, #-13]
    if (led == RIGHT_LED)
 c100384:	e55b300d 	ldrb	r3, [fp, #-13]
 c100388:	e3530002 	cmp	r3, #2
 c10038c:	1a000005 	bne	c1003a8 <led_on+0x3c>
    	PDATB &= ~(1 << 10);
 c100390:	e59f303c 	ldr	r3, [pc, #60]	; c1003d4 <led_on+0x68>
 c100394:	e59f2038 	ldr	r2, [pc, #56]	; c1003d4 <led_on+0x68>
 c100398:	e5922000 	ldr	r2, [r2]
 c10039c:	e3c22b01 	bic	r2, r2, #1024	; 0x400
 c1003a0:	e5832000 	str	r2, [r3]
 c1003a4:	ea000007 	b	c1003c8 <led_on+0x5c>
    else if (led == LEFT_LED)
 c1003a8:	e55b300d 	ldrb	r3, [fp, #-13]
 c1003ac:	e3530001 	cmp	r3, #1
 c1003b0:	1a000004 	bne	c1003c8 <led_on+0x5c>
    	PDATB &= ~(1 << 9);
 c1003b4:	e59f3018 	ldr	r3, [pc, #24]	; c1003d4 <led_on+0x68>
 c1003b8:	e59f2014 	ldr	r2, [pc, #20]	; c1003d4 <led_on+0x68>
 c1003bc:	e5922000 	ldr	r2, [r2]
 c1003c0:	e3c22c02 	bic	r2, r2, #512	; 0x200
 c1003c4:	e5832000 	str	r2, [r3]
}
 c1003c8:	e24bd00c 	sub	sp, fp, #12
 c1003cc:	e89d6800 	ldm	sp, {fp, sp, lr}
 c1003d0:	e12fff1e 	bx	lr
 c1003d4:	01d2000c 	.word	0x01d2000c

0c1003d8 <led_toggle>:

void led_toggle( uint8 led )
{
 c1003d8:	e1a0c00d 	mov	ip, sp
 c1003dc:	e92dd800 	push	{fp, ip, lr, pc}
 c1003e0:	e24cb004 	sub	fp, ip, #4
 c1003e4:	e24dd008 	sub	sp, sp, #8
 c1003e8:	e1a03000 	mov	r3, r0
 c1003ec:	e54b300d 	strb	r3, [fp, #-13]
	if (led == RIGHT_LED)
 c1003f0:	e55b300d 	ldrb	r3, [fp, #-13]
 c1003f4:	e3530002 	cmp	r3, #2
 c1003f8:	1a000005 	bne	c100414 <led_toggle+0x3c>
		PDATB ^= (1 << 10);
 c1003fc:	e59f303c 	ldr	r3, [pc, #60]	; c100440 <led_toggle+0x68>
 c100400:	e59f2038 	ldr	r2, [pc, #56]	; c100440 <led_toggle+0x68>
 c100404:	e5922000 	ldr	r2, [r2]
 c100408:	e2222b01 	eor	r2, r2, #1024	; 0x400
 c10040c:	e5832000 	str	r2, [r3]
 c100410:	ea000007 	b	c100434 <led_toggle+0x5c>
	else if (led == LEFT_LED)
 c100414:	e55b300d 	ldrb	r3, [fp, #-13]
 c100418:	e3530001 	cmp	r3, #1
 c10041c:	1a000004 	bne	c100434 <led_toggle+0x5c>
		PDATB ^= (1 << 9);
 c100420:	e59f3018 	ldr	r3, [pc, #24]	; c100440 <led_toggle+0x68>
 c100424:	e59f2014 	ldr	r2, [pc, #20]	; c100440 <led_toggle+0x68>
 c100428:	e5922000 	ldr	r2, [r2]
 c10042c:	e2222c02 	eor	r2, r2, #512	; 0x200
 c100430:	e5832000 	str	r2, [r3]
}
 c100434:	e24bd00c 	sub	sp, fp, #12
 c100438:	e89d6800 	ldm	sp, {fp, sp, lr}
 c10043c:	e12fff1e 	bx	lr
 c100440:	01d2000c 	.word	0x01d2000c

0c100444 <led_status>:

uint8 led_status( uint8 led )
{
 c100444:	e1a0c00d 	mov	ip, sp
 c100448:	e92dd800 	push	{fp, ip, lr, pc}
 c10044c:	e24cb004 	sub	fp, ip, #4
 c100450:	e24dd008 	sub	sp, sp, #8
 c100454:	e1a03000 	mov	r3, r0
 c100458:	e54b300d 	strb	r3, [fp, #-13]
	if((led == RIGHT_LED) && (PDATB & (1 << 10)) ){
 c10045c:	e55b300d 	ldrb	r3, [fp, #-13]
 c100460:	e3530002 	cmp	r3, #2
 c100464:	1a000006 	bne	c100484 <led_status+0x40>
 c100468:	e59f3028 	ldr	r3, [pc, #40]	; c100498 <led_status+0x54>
 c10046c:	e5933000 	ldr	r3, [r3]
 c100470:	e2033b01 	and	r3, r3, #1024	; 0x400
 c100474:	e3530000 	cmp	r3, #0
 c100478:	0a000001 	beq	c100484 <led_status+0x40>
		return 0;
 c10047c:	e3a03000 	mov	r3, #0
 c100480:	ea000000 	b	c100488 <led_status+0x44>
	}
	else
		return 1;
 c100484:	e3a03001 	mov	r3, #1
	if ((led == LEFT_LED) && (PDATB & (1 << 9)))
		return 0;
	else
		return 1;
}
 c100488:	e1a00003 	mov	r0, r3
 c10048c:	e24bd00c 	sub	sp, fp, #12
 c100490:	e89d6800 	ldm	sp, {fp, sp, lr}
 c100494:	e12fff1e 	bx	lr
 c100498:	01d2000c 	.word	0x01d2000c

0c10049c <segs_init>:
static const uint8 hex2segs[16] = {0x12, 0x9f, 0x31, 0x15, 0x9c, 0x54, 0x50, 0x1f, 0x10, 0x1c, 0x18, 0xd0, 0xf1, 0x91, 0x70, 0x78};

static uint8 state;
        
void segs_init( void )
{
 c10049c:	e1a0c00d 	mov	ip, sp
 c1004a0:	e92dd800 	push	{fp, ip, lr, pc}
 c1004a4:	e24cb004 	sub	fp, ip, #4
    segs_off();
 c1004a8:	eb000002 	bl	c1004b8 <segs_off>
}                                  
 c1004ac:	e24bd00c 	sub	sp, fp, #12
 c1004b0:	e89d6800 	ldm	sp, {fp, sp, lr}
 c1004b4:	e12fff1e 	bx	lr

0c1004b8 <segs_off>:
                          
void segs_off( void )
{
 c1004b8:	e1a0c00d 	mov	ip, sp
 c1004bc:	e92dd800 	push	{fp, ip, lr, pc}
 c1004c0:	e24cb004 	sub	fp, ip, #4
    state = SEGS_OFF;
 c1004c4:	e59f3020 	ldr	r3, [pc, #32]	; c1004ec <segs_off+0x34>
 c1004c8:	e3e02000 	mvn	r2, #0
 c1004cc:	e5c32000 	strb	r2, [r3]
    SEGS = state;
 c1004d0:	e3a03785 	mov	r3, #34865152	; 0x2140000
 c1004d4:	e59f2010 	ldr	r2, [pc, #16]	; c1004ec <segs_off+0x34>
 c1004d8:	e5d22000 	ldrb	r2, [r2]
 c1004dc:	e5c32000 	strb	r2, [r3]
}
 c1004e0:	e24bd00c 	sub	sp, fp, #12
 c1004e4:	e89d6800 	ldm	sp, {fp, sp, lr}
 c1004e8:	e12fff1e 	bx	lr
 c1004ec:	0c100580 	.word	0x0c100580

0c1004f0 <segs_putchar>:

void segs_putchar( uint8 n )
{
 c1004f0:	e1a0c00d 	mov	ip, sp
 c1004f4:	e92dd800 	push	{fp, ip, lr, pc}
 c1004f8:	e24cb004 	sub	fp, ip, #4
 c1004fc:	e24dd008 	sub	sp, sp, #8
 c100500:	e1a03000 	mov	r3, r0
 c100504:	e54b300d 	strb	r3, [fp, #-13]
    state = n & 0x0f;
 c100508:	e55b300d 	ldrb	r3, [fp, #-13]
 c10050c:	e203300f 	and	r3, r3, #15
 c100510:	e20320ff 	and	r2, r3, #255	; 0xff
 c100514:	e59f3024 	ldr	r3, [pc, #36]	; c100540 <segs_putchar+0x50>
 c100518:	e5c32000 	strb	r2, [r3]
    SEGS = hex2segs[state];
 c10051c:	e3a03785 	mov	r3, #34865152	; 0x2140000
 c100520:	e59f2018 	ldr	r2, [pc, #24]	; c100540 <segs_putchar+0x50>
 c100524:	e5d22000 	ldrb	r2, [r2]
 c100528:	e59f1014 	ldr	r1, [pc, #20]	; c100544 <segs_putchar+0x54>
 c10052c:	e7d12002 	ldrb	r2, [r1, r2]
 c100530:	e5c32000 	strb	r2, [r3]
};
 c100534:	e24bd00c 	sub	sp, fp, #12
 c100538:	e89d6800 	ldm	sp, {fp, sp, lr}
 c10053c:	e12fff1e 	bx	lr
 c100540:	0c100580 	.word	0x0c100580
 c100544:	0c100570 	.word	0x0c100570

0c100548 <segs_status>:

uint8 segs_status( void )
{
 c100548:	e1a0c00d 	mov	ip, sp
 c10054c:	e92dd800 	push	{fp, ip, lr, pc}
 c100550:	e24cb004 	sub	fp, ip, #4
    return state;
 c100554:	e59f3010 	ldr	r3, [pc, #16]	; c10056c <segs_status+0x24>
 c100558:	e5d33000 	ldrb	r3, [r3]
};
 c10055c:	e1a00003 	mov	r0, r3
 c100560:	e24bd00c 	sub	sp, fp, #12
 c100564:	e89d6800 	ldm	sp, {fp, sp, lr}
 c100568:	e12fff1e 	bx	lr
 c10056c:	0c100580 	.word	0x0c100580
