
lab5.elf:     file format elf32-littlearm

Sections:
Idx Name          Size      VMA       LMA       File off  Algn
  0 .text         00001c24  0c100000  0c100000  00008000  2**2
                  CONTENTS, ALLOC, LOAD, READONLY, CODE
  1 .rodata       000006b4  0c101c24  0c101c24  00009c24  2**2
                  CONTENTS, ALLOC, LOAD, READONLY, DATA
  2 .debug_abbrev 000002da  00000000  00000000  0000a2d8  2**0
                  CONTENTS, READONLY, DEBUGGING
  3 .debug_info   00000926  00000000  00000000  0000a5b2  2**0
                  CONTENTS, READONLY, DEBUGGING
  4 .debug_line   000006a4  00000000  00000000  0000aed8  2**0
                  CONTENTS, READONLY, DEBUGGING
  5 .debug_macinfo 000134df  00000000  00000000  0000b57c  2**0
                  CONTENTS, READONLY, DEBUGGING
  6 .debug_loc    0000091c  00000000  00000000  0001ea5b  2**0
                  CONTENTS, READONLY, DEBUGGING
  7 .debug_pubnames 000003c6  00000000  00000000  0001f377  2**0
                  CONTENTS, READONLY, DEBUGGING
  8 .debug_pubtypes 000000d9  00000000  00000000  0001f73d  2**0
                  CONTENTS, READONLY, DEBUGGING
  9 .debug_aranges 00000080  00000000  00000000  0001f816  2**0
                  CONTENTS, READONLY, DEBUGGING
 10 .debug_str    000003ff  00000000  00000000  0001f896  2**0
                  CONTENTS, READONLY, DEBUGGING
 11 .comment      0000002a  00000000  00000000  0001fc95  2**0
                  CONTENTS, READONLY
 12 .ARM.attributes 00000032  00000000  00000000  0001fcbf  2**0
                  CONTENTS, READONLY
 13 .debug_frame  0000086c  00000000  00000000  0001fcf4  2**2
                  CONTENTS, READONLY, DEBUGGING

Disassembly of section .text:

0c100000 <main>:
#include <rtc.h>

void isr_tick( void ) __attribute__ ((interrupt ("IRQ")));

void main( void )
{
 c100000:	e1a0c00d 	mov	ip, sp
 c100004:	e92dd800 	push	{fp, ip, lr, pc}
 c100008:	e24cb004 	sub	fp, ip, #4
 c10000c:	e24dd008 	sub	sp, sp, #8
    rtc_time_t rtc_time;
    
    sys_init();
 c100010:	eb0002d7 	bl	c100b74 <sys_init>
    uart0_init();
 c100014:	eb00059e 	bl	c101694 <uart0_init>
    rtc_init();
 c100018:	eb000088 	bl	c100240 <rtc_init>

    /************************************/

    rtc_gettime( &rtc_time );
 c10001c:	e24b3014 	sub	r3, fp, #20
 c100020:	e1a00003 	mov	r0, r3
 c100024:	eb000184 	bl	c10063c <rtc_gettime>

    uart0_puts( "\n\nFecha y hora iniciales: " );
 c100028:	e59f012c 	ldr	r0, [pc, #300]	; c10015c <main+0x15c>
 c10002c:	eb0005d7 	bl	c101790 <uart0_puts>
    uart0_putint( rtc_time.mday );
 c100030:	e55b3011 	ldrb	r3, [fp, #-17]	; 0xffffffef
 c100034:	e1a00003 	mov	r0, r3
 c100038:	eb0005e8 	bl	c1017e0 <uart0_putint>
    uart0_putchar( '/' );
 c10003c:	e3a0002f 	mov	r0, #47	; 0x2f
 c100040:	eb0005ac 	bl	c1016f8 <uart0_putchar>
    uart0_putint( rtc_time.mon );
 c100044:	e55b300f 	ldrb	r3, [fp, #-15]
 c100048:	e1a00003 	mov	r0, r3
 c10004c:	eb0005e3 	bl	c1017e0 <uart0_putint>
    uart0_putchar( '/' );
 c100050:	e3a0002f 	mov	r0, #47	; 0x2f
 c100054:	eb0005a7 	bl	c1016f8 <uart0_putchar>
    uart0_putint( rtc_time.year );
 c100058:	e55b300e 	ldrb	r3, [fp, #-14]
 c10005c:	e1a00003 	mov	r0, r3
 c100060:	eb0005de 	bl	c1017e0 <uart0_putint>
    uart0_putchar( ' ' );
 c100064:	e3a00020 	mov	r0, #32
 c100068:	eb0005a2 	bl	c1016f8 <uart0_putchar>
    uart0_putint( rtc_time.hour );
 c10006c:	e55b3012 	ldrb	r3, [fp, #-18]	; 0xffffffee
 c100070:	e1a00003 	mov	r0, r3
 c100074:	eb0005d9 	bl	c1017e0 <uart0_putint>
    uart0_putchar( ':' );
 c100078:	e3a0003a 	mov	r0, #58	; 0x3a
 c10007c:	eb00059d 	bl	c1016f8 <uart0_putchar>
    uart0_putint( rtc_time.min );
 c100080:	e55b3013 	ldrb	r3, [fp, #-19]	; 0xffffffed
 c100084:	e1a00003 	mov	r0, r3
 c100088:	eb0005d4 	bl	c1017e0 <uart0_putint>
    uart0_putchar( ':' );
 c10008c:	e3a0003a 	mov	r0, #58	; 0x3a
 c100090:	eb000598 	bl	c1016f8 <uart0_putchar>
    uart0_putint( rtc_time.sec );
 c100094:	e55b3014 	ldrb	r3, [fp, #-20]	; 0xffffffec
 c100098:	e1a00003 	mov	r0, r3
 c10009c:	eb0005cf 	bl	c1017e0 <uart0_putint>

    /************************************/

    uart0_puts( "\nIntroduzca nueva fecha\n" );
 c1000a0:	e59f00b8 	ldr	r0, [pc, #184]	; c100160 <main+0x160>
 c1000a4:	eb0005b9 	bl	c101790 <uart0_puts>
    uart0_puts( "  - Dia: " );
 c1000a8:	e59f00b4 	ldr	r0, [pc, #180]	; c100164 <main+0x164>
 c1000ac:	eb0005b7 	bl	c101790 <uart0_puts>
    rtc_time.mday = (uint8) uart0_getint();
 c1000b0:	eb000656 	bl	c101a10 <uart0_getint>
 c1000b4:	e1a03000 	mov	r3, r0
 c1000b8:	e20330ff 	and	r3, r3, #255	; 0xff
 c1000bc:	e54b3011 	strb	r3, [fp, #-17]	; 0xffffffef
    uart0_puts( "  - Mes: " );
 c1000c0:	e59f00a0 	ldr	r0, [pc, #160]	; c100168 <main+0x168>
 c1000c4:	eb0005b1 	bl	c101790 <uart0_puts>
    rtc_time.mon = (uint8) uart0_getint();
 c1000c8:	eb000650 	bl	c101a10 <uart0_getint>
 c1000cc:	e1a03000 	mov	r3, r0
 c1000d0:	e20330ff 	and	r3, r3, #255	; 0xff
 c1000d4:	e54b300f 	strb	r3, [fp, #-15]
    uart0_puts( "  - Año (2 digitos): " );
 c1000d8:	e59f008c 	ldr	r0, [pc, #140]	; c10016c <main+0x16c>
 c1000dc:	eb0005ab 	bl	c101790 <uart0_puts>
    rtc_time.year = (uint8) uart0_getint();
 c1000e0:	eb00064a 	bl	c101a10 <uart0_getint>
 c1000e4:	e1a03000 	mov	r3, r0
 c1000e8:	e20330ff 	and	r3, r3, #255	; 0xff
 c1000ec:	e54b300e 	strb	r3, [fp, #-14]
    uart0_puts( "Introduzca nueva hora\n" );
 c1000f0:	e59f0078 	ldr	r0, [pc, #120]	; c100170 <main+0x170>
 c1000f4:	eb0005a5 	bl	c101790 <uart0_puts>
    uart0_puts( "  - Hora: " );
 c1000f8:	e59f0074 	ldr	r0, [pc, #116]	; c100174 <main+0x174>
 c1000fc:	eb0005a3 	bl	c101790 <uart0_puts>
    rtc_time.hour = (uint8) uart0_getint();
 c100100:	eb000642 	bl	c101a10 <uart0_getint>
 c100104:	e1a03000 	mov	r3, r0
 c100108:	e20330ff 	and	r3, r3, #255	; 0xff
 c10010c:	e54b3012 	strb	r3, [fp, #-18]	; 0xffffffee
    uart0_puts( "  - Minuto: " );
 c100110:	e59f0060 	ldr	r0, [pc, #96]	; c100178 <main+0x178>
 c100114:	eb00059d 	bl	c101790 <uart0_puts>
    rtc_time.min = (uint8) uart0_getint();
 c100118:	eb00063c 	bl	c101a10 <uart0_getint>
 c10011c:	e1a03000 	mov	r3, r0
 c100120:	e20330ff 	and	r3, r3, #255	; 0xff
 c100124:	e54b3013 	strb	r3, [fp, #-19]	; 0xffffffed
    uart0_puts( "  - Segundo: " );
 c100128:	e59f004c 	ldr	r0, [pc, #76]	; c10017c <main+0x17c>
 c10012c:	eb000597 	bl	c101790 <uart0_puts>
    rtc_time.sec = (uint8) uart0_getint();
 c100130:	eb000636 	bl	c101a10 <uart0_getint>
 c100134:	e1a03000 	mov	r3, r0
 c100138:	e20330ff 	and	r3, r3, #255	; 0xff
 c10013c:	e54b3014 	strb	r3, [fp, #-20]	; 0xffffffec

    rtc_puttime( &rtc_time );
 c100140:	e24b3014 	sub	r3, fp, #20
 c100144:	e1a00003 	mov	r0, r3
 c100148:	eb00008d 	bl	c100384 <rtc_puttime>

    /************************************/

    rtc_open( isr_tick, 127 );
 c10014c:	e59f002c 	ldr	r0, [pc, #44]	; c100180 <main+0x180>
 c100150:	e3a0107f 	mov	r1, #127	; 0x7f
 c100154:	eb000252 	bl	c100aa4 <rtc_open>

    /************************************/
    
    while( 1 );
 c100158:	eafffffe 	b	c100158 <main+0x158>
 c10015c:	0c101c24 	.word	0x0c101c24
 c100160:	0c101c40 	.word	0x0c101c40
 c100164:	0c101c5c 	.word	0x0c101c5c
 c100168:	0c101c68 	.word	0x0c101c68
 c10016c:	0c101c74 	.word	0x0c101c74
 c100170:	0c101c8c 	.word	0x0c101c8c
 c100174:	0c101ca4 	.word	0x0c101ca4
 c100178:	0c101cb0 	.word	0x0c101cb0
 c10017c:	0c101cc0 	.word	0x0c101cc0
 c100180:	0c100184 	.word	0x0c100184

0c100184 <isr_tick>:
}

void isr_tick( void )
{
 c100184:	e52dc004 	push	{ip}		; (str ip, [sp, #-4]!)
 c100188:	e1a0c00d 	mov	ip, sp
 c10018c:	e92dd80f 	push	{r0, r1, r2, r3, fp, ip, lr, pc}
 c100190:	e24cb004 	sub	fp, ip, #4
 c100194:	e24dd008 	sub	sp, sp, #8
    rtc_time_t rtc_time;
    
    rtc_gettime( &rtc_time );
 c100198:	e24b3024 	sub	r3, fp, #36	; 0x24
 c10019c:	e1a00003 	mov	r0, r3
 c1001a0:	eb000125 	bl	c10063c <rtc_gettime>

    uart0_puts( "\nFecha y hora: " );
 c1001a4:	e59f008c 	ldr	r0, [pc, #140]	; c100238 <isr_tick+0xb4>
 c1001a8:	eb000578 	bl	c101790 <uart0_puts>
    uart0_putint( rtc_time.mday );
 c1001ac:	e55b3021 	ldrb	r3, [fp, #-33]	; 0xffffffdf
 c1001b0:	e1a00003 	mov	r0, r3
 c1001b4:	eb000589 	bl	c1017e0 <uart0_putint>
    uart0_putchar( '/' );
 c1001b8:	e3a0002f 	mov	r0, #47	; 0x2f
 c1001bc:	eb00054d 	bl	c1016f8 <uart0_putchar>
    uart0_putint( rtc_time.mon );
 c1001c0:	e55b301f 	ldrb	r3, [fp, #-31]	; 0xffffffe1
 c1001c4:	e1a00003 	mov	r0, r3
 c1001c8:	eb000584 	bl	c1017e0 <uart0_putint>
    uart0_putchar( '/' );
 c1001cc:	e3a0002f 	mov	r0, #47	; 0x2f
 c1001d0:	eb000548 	bl	c1016f8 <uart0_putchar>
    uart0_putint( rtc_time.year );
 c1001d4:	e55b301e 	ldrb	r3, [fp, #-30]	; 0xffffffe2
 c1001d8:	e1a00003 	mov	r0, r3
 c1001dc:	eb00057f 	bl	c1017e0 <uart0_putint>
    uart0_putchar( ' ' );
 c1001e0:	e3a00020 	mov	r0, #32
 c1001e4:	eb000543 	bl	c1016f8 <uart0_putchar>
    uart0_putint( rtc_time.hour );
 c1001e8:	e55b3022 	ldrb	r3, [fp, #-34]	; 0xffffffde
 c1001ec:	e1a00003 	mov	r0, r3
 c1001f0:	eb00057a 	bl	c1017e0 <uart0_putint>
    uart0_putchar( ':' );
 c1001f4:	e3a0003a 	mov	r0, #58	; 0x3a
 c1001f8:	eb00053e 	bl	c1016f8 <uart0_putchar>
    uart0_putint( rtc_time.min );
 c1001fc:	e55b3023 	ldrb	r3, [fp, #-35]	; 0xffffffdd
 c100200:	e1a00003 	mov	r0, r3
 c100204:	eb000575 	bl	c1017e0 <uart0_putint>
    uart0_putchar( ':' );
 c100208:	e3a0003a 	mov	r0, #58	; 0x3a
 c10020c:	eb000539 	bl	c1016f8 <uart0_putchar>
    uart0_putint( rtc_time.sec );
 c100210:	e55b3024 	ldrb	r3, [fp, #-36]	; 0xffffffdc
 c100214:	e1a00003 	mov	r0, r3
 c100218:	eb000570 	bl	c1017e0 <uart0_putint>

    I_ISPC = BIT_TICK;
 c10021c:	e59f3018 	ldr	r3, [pc, #24]	; c10023c <isr_tick+0xb8>
 c100220:	e3a02601 	mov	r2, #1048576	; 0x100000
 c100224:	e5832000 	str	r2, [r3]
}
 c100228:	e24bd01c 	sub	sp, fp, #28
 c10022c:	e89d680f 	ldm	sp, {r0, r1, r2, r3, fp, sp, lr}
 c100230:	e49dc004 	pop	{ip}		; (ldr ip, [sp], #4)
 c100234:	e25ef004 	subs	pc, lr, #4
 c100238:	0c101cd0 	.word	0x0c101cd0
 c10023c:	01e00024 	.word	0x01e00024

0c100240 <rtc_init>:
#include <rtc.h>

extern void isr_TICK_dummy( void );

void rtc_init( void )
{
 c100240:	e1a0c00d 	mov	ip, sp
 c100244:	e92dd800 	push	{fp, ip, lr, pc}
 c100248:	e24cb004 	sub	fp, ip, #4
    TICNT   = 0x80;
 c10024c:	e59f30ec 	ldr	r3, [pc, #236]	; c100340 <rtc_init+0x100>
 c100250:	e3a02080 	mov	r2, #128	; 0x80
 c100254:	e5832000 	str	r2, [r3]
    RTCALM  = 0x0;
 c100258:	e59f30e4 	ldr	r3, [pc, #228]	; c100344 <rtc_init+0x104>
 c10025c:	e3a02000 	mov	r2, #0
 c100260:	e5832000 	str	r2, [r3]
    RTCRST  = 0x0;
 c100264:	e59f30dc 	ldr	r3, [pc, #220]	; c100348 <rtc_init+0x108>
 c100268:	e3a02000 	mov	r2, #0
 c10026c:	e5832000 	str	r2, [r3]
        
    RTCCON |= (1 << 0);
 c100270:	e59f30d4 	ldr	r3, [pc, #212]	; c10034c <rtc_init+0x10c>
 c100274:	e59f20d0 	ldr	r2, [pc, #208]	; c10034c <rtc_init+0x10c>
 c100278:	e5922000 	ldr	r2, [r2]
 c10027c:	e3822001 	orr	r2, r2, #1
 c100280:	e5832000 	str	r2, [r3]
    
    BCDYEAR = 0x13;
 c100284:	e59f30c4 	ldr	r3, [pc, #196]	; c100350 <rtc_init+0x110>
 c100288:	e3a02013 	mov	r2, #19
 c10028c:	e5832000 	str	r2, [r3]
    BCDMON  = 0x1;
 c100290:	e59f30bc 	ldr	r3, [pc, #188]	; c100354 <rtc_init+0x114>
 c100294:	e3a02001 	mov	r2, #1
 c100298:	e5832000 	str	r2, [r3]
    BCDDAY  = 0x1;
 c10029c:	e59f30b4 	ldr	r3, [pc, #180]	; c100358 <rtc_init+0x118>
 c1002a0:	e3a02001 	mov	r2, #1
 c1002a4:	e5832000 	str	r2, [r3]
    BCDDATE = 0x3;
 c1002a8:	e59f30ac 	ldr	r3, [pc, #172]	; c10035c <rtc_init+0x11c>
 c1002ac:	e3a02003 	mov	r2, #3
 c1002b0:	e5832000 	str	r2, [r3]
    BCDHOUR = 0x0;
 c1002b4:	e59f30a4 	ldr	r3, [pc, #164]	; c100360 <rtc_init+0x120>
 c1002b8:	e3a02000 	mov	r2, #0
 c1002bc:	e5832000 	str	r2, [r3]
    BCDMIN  = 0x0;
 c1002c0:	e59f309c 	ldr	r3, [pc, #156]	; c100364 <rtc_init+0x124>
 c1002c4:	e3a02000 	mov	r2, #0
 c1002c8:	e5832000 	str	r2, [r3]
    BCDSEC  = 0x0;
 c1002cc:	e59f3094 	ldr	r3, [pc, #148]	; c100368 <rtc_init+0x128>
 c1002d0:	e3a02000 	mov	r2, #0
 c1002d4:	e5832000 	str	r2, [r3]

    ALMYEAR = 0x0;
 c1002d8:	e59f308c 	ldr	r3, [pc, #140]	; c10036c <rtc_init+0x12c>
 c1002dc:	e3a02000 	mov	r2, #0
 c1002e0:	e5832000 	str	r2, [r3]
    ALMMON  = 0x0;
 c1002e4:	e59f3084 	ldr	r3, [pc, #132]	; c100370 <rtc_init+0x130>
 c1002e8:	e3a02000 	mov	r2, #0
 c1002ec:	e5832000 	str	r2, [r3]
    ALMDAY  = 0x0;
 c1002f0:	e59f307c 	ldr	r3, [pc, #124]	; c100374 <rtc_init+0x134>
 c1002f4:	e3a02000 	mov	r2, #0
 c1002f8:	e5832000 	str	r2, [r3]
    ALMHOUR = 0x0;
 c1002fc:	e59f3074 	ldr	r3, [pc, #116]	; c100378 <rtc_init+0x138>
 c100300:	e3a02000 	mov	r2, #0
 c100304:	e5832000 	str	r2, [r3]
    ALMMIN  = 0x0;
 c100308:	e59f306c 	ldr	r3, [pc, #108]	; c10037c <rtc_init+0x13c>
 c10030c:	e3a02000 	mov	r2, #0
 c100310:	e5832000 	str	r2, [r3]
    ALMSEC  = 0x0;
 c100314:	e59f3064 	ldr	r3, [pc, #100]	; c100380 <rtc_init+0x140>
 c100318:	e3a02000 	mov	r2, #0
 c10031c:	e5832000 	str	r2, [r3]

    RTCCON &= ~(1 << 0);
 c100320:	e59f3024 	ldr	r3, [pc, #36]	; c10034c <rtc_init+0x10c>
 c100324:	e59f2020 	ldr	r2, [pc, #32]	; c10034c <rtc_init+0x10c>
 c100328:	e5922000 	ldr	r2, [r2]
 c10032c:	e3c22001 	bic	r2, r2, #1
 c100330:	e5832000 	str	r2, [r3]
}
 c100334:	e24bd00c 	sub	sp, fp, #12
 c100338:	e89d6800 	ldm	sp, {fp, sp, lr}
 c10033c:	e12fff1e 	bx	lr
 c100340:	01d7008c 	.word	0x01d7008c
 c100344:	01d70050 	.word	0x01d70050
 c100348:	01d7006c 	.word	0x01d7006c
 c10034c:	01d70040 	.word	0x01d70040
 c100350:	01d70088 	.word	0x01d70088
 c100354:	01d70084 	.word	0x01d70084
 c100358:	01d7007c 	.word	0x01d7007c
 c10035c:	01d70080 	.word	0x01d70080
 c100360:	01d70078 	.word	0x01d70078
 c100364:	01d70074 	.word	0x01d70074
 c100368:	01d70070 	.word	0x01d70070
 c10036c:	01d70068 	.word	0x01d70068
 c100370:	01d70064 	.word	0x01d70064
 c100374:	01d70060 	.word	0x01d70060
 c100378:	01d7005c 	.word	0x01d7005c
 c10037c:	01d70058 	.word	0x01d70058
 c100380:	01d70054 	.word	0x01d70054

0c100384 <rtc_puttime>:

void rtc_puttime( rtc_time_t *rtc_time )
{
 c100384:	e1a0c00d 	mov	ip, sp
 c100388:	e92dd800 	push	{fp, ip, lr, pc}
 c10038c:	e24cb004 	sub	fp, ip, #4
 c100390:	e24dd008 	sub	sp, sp, #8
 c100394:	e50b0010 	str	r0, [fp, #-16]
    RTCCON |= (1 << 0);
 c100398:	e59f3278 	ldr	r3, [pc, #632]	; c100618 <rtc_puttime+0x294>
 c10039c:	e59f2274 	ldr	r2, [pc, #628]	; c100618 <rtc_puttime+0x294>
 c1003a0:	e5922000 	ldr	r2, [r2]
 c1003a4:	e3822001 	orr	r2, r2, #1
 c1003a8:	e5832000 	str	r2, [r3]

    BCDYEAR = (((rtc_time->year)/10) << 4) | ((rtc_time->year)%10);
 c1003ac:	e59f0268 	ldr	r0, [pc, #616]	; c10061c <rtc_puttime+0x298>
 c1003b0:	e51b3010 	ldr	r3, [fp, #-16]
 c1003b4:	e5d32006 	ldrb	r2, [r3, #6]
 c1003b8:	e59f3260 	ldr	r3, [pc, #608]	; c100620 <rtc_puttime+0x29c>
 c1003bc:	e0831392 	umull	r1, r3, r2, r3
 c1003c0:	e1a031a3 	lsr	r3, r3, #3
 c1003c4:	e20330ff 	and	r3, r3, #255	; 0xff
 c1003c8:	e1a0c203 	lsl	ip, r3, #4
 c1003cc:	e51b3010 	ldr	r3, [fp, #-16]
 c1003d0:	e5d32006 	ldrb	r2, [r3, #6]
 c1003d4:	e59f3244 	ldr	r3, [pc, #580]	; c100620 <rtc_puttime+0x29c>
 c1003d8:	e0831392 	umull	r1, r3, r2, r3
 c1003dc:	e1a011a3 	lsr	r1, r3, #3
 c1003e0:	e1a03001 	mov	r3, r1
 c1003e4:	e1a03103 	lsl	r3, r3, #2
 c1003e8:	e0833001 	add	r3, r3, r1
 c1003ec:	e1a03083 	lsl	r3, r3, #1
 c1003f0:	e0633002 	rsb	r3, r3, r2
 c1003f4:	e20330ff 	and	r3, r3, #255	; 0xff
 c1003f8:	e18c3003 	orr	r3, ip, r3
 c1003fc:	e5803000 	str	r3, [r0]
    BCDMON  = (((rtc_time->mon)/10) << 4) | ((rtc_time->mon)%10);
 c100400:	e59f021c 	ldr	r0, [pc, #540]	; c100624 <rtc_puttime+0x2a0>
 c100404:	e51b3010 	ldr	r3, [fp, #-16]
 c100408:	e5d32005 	ldrb	r2, [r3, #5]
 c10040c:	e59f320c 	ldr	r3, [pc, #524]	; c100620 <rtc_puttime+0x29c>
 c100410:	e0831392 	umull	r1, r3, r2, r3
 c100414:	e1a031a3 	lsr	r3, r3, #3
 c100418:	e20330ff 	and	r3, r3, #255	; 0xff
 c10041c:	e1a0c203 	lsl	ip, r3, #4
 c100420:	e51b3010 	ldr	r3, [fp, #-16]
 c100424:	e5d32005 	ldrb	r2, [r3, #5]
 c100428:	e59f31f0 	ldr	r3, [pc, #496]	; c100620 <rtc_puttime+0x29c>
 c10042c:	e0831392 	umull	r1, r3, r2, r3
 c100430:	e1a011a3 	lsr	r1, r3, #3
 c100434:	e1a03001 	mov	r3, r1
 c100438:	e1a03103 	lsl	r3, r3, #2
 c10043c:	e0833001 	add	r3, r3, r1
 c100440:	e1a03083 	lsl	r3, r3, #1
 c100444:	e0633002 	rsb	r3, r3, r2
 c100448:	e20330ff 	and	r3, r3, #255	; 0xff
 c10044c:	e18c3003 	orr	r3, ip, r3
 c100450:	e5803000 	str	r3, [r0]
    BCDDAY  = (((rtc_time->mday)/10) << 4) | ((rtc_time->mday)%10);
 c100454:	e59f01cc 	ldr	r0, [pc, #460]	; c100628 <rtc_puttime+0x2a4>
 c100458:	e51b3010 	ldr	r3, [fp, #-16]
 c10045c:	e5d32003 	ldrb	r2, [r3, #3]
 c100460:	e59f31b8 	ldr	r3, [pc, #440]	; c100620 <rtc_puttime+0x29c>
 c100464:	e0831392 	umull	r1, r3, r2, r3
 c100468:	e1a031a3 	lsr	r3, r3, #3
 c10046c:	e20330ff 	and	r3, r3, #255	; 0xff
 c100470:	e1a0c203 	lsl	ip, r3, #4
 c100474:	e51b3010 	ldr	r3, [fp, #-16]
 c100478:	e5d32003 	ldrb	r2, [r3, #3]
 c10047c:	e59f319c 	ldr	r3, [pc, #412]	; c100620 <rtc_puttime+0x29c>
 c100480:	e0831392 	umull	r1, r3, r2, r3
 c100484:	e1a011a3 	lsr	r1, r3, #3
 c100488:	e1a03001 	mov	r3, r1
 c10048c:	e1a03103 	lsl	r3, r3, #2
 c100490:	e0833001 	add	r3, r3, r1
 c100494:	e1a03083 	lsl	r3, r3, #1
 c100498:	e0633002 	rsb	r3, r3, r2
 c10049c:	e20330ff 	and	r3, r3, #255	; 0xff
 c1004a0:	e18c3003 	orr	r3, ip, r3
 c1004a4:	e5803000 	str	r3, [r0]
    BCDDATE = (((rtc_time->wday)/10) << 4) | ((rtc_time->wday)%10);
 c1004a8:	e59f017c 	ldr	r0, [pc, #380]	; c10062c <rtc_puttime+0x2a8>
 c1004ac:	e51b3010 	ldr	r3, [fp, #-16]
 c1004b0:	e5d32004 	ldrb	r2, [r3, #4]
 c1004b4:	e59f3164 	ldr	r3, [pc, #356]	; c100620 <rtc_puttime+0x29c>
 c1004b8:	e0831392 	umull	r1, r3, r2, r3
 c1004bc:	e1a031a3 	lsr	r3, r3, #3
 c1004c0:	e20330ff 	and	r3, r3, #255	; 0xff
 c1004c4:	e1a0c203 	lsl	ip, r3, #4
 c1004c8:	e51b3010 	ldr	r3, [fp, #-16]
 c1004cc:	e5d32004 	ldrb	r2, [r3, #4]
 c1004d0:	e59f3148 	ldr	r3, [pc, #328]	; c100620 <rtc_puttime+0x29c>
 c1004d4:	e0831392 	umull	r1, r3, r2, r3
 c1004d8:	e1a011a3 	lsr	r1, r3, #3
 c1004dc:	e1a03001 	mov	r3, r1
 c1004e0:	e1a03103 	lsl	r3, r3, #2
 c1004e4:	e0833001 	add	r3, r3, r1
 c1004e8:	e1a03083 	lsl	r3, r3, #1
 c1004ec:	e0633002 	rsb	r3, r3, r2
 c1004f0:	e20330ff 	and	r3, r3, #255	; 0xff
 c1004f4:	e18c3003 	orr	r3, ip, r3
 c1004f8:	e5803000 	str	r3, [r0]
    BCDHOUR = (((rtc_time->hour)/10) << 4) | ((rtc_time->hour)%10);
 c1004fc:	e59f012c 	ldr	r0, [pc, #300]	; c100630 <rtc_puttime+0x2ac>
 c100500:	e51b3010 	ldr	r3, [fp, #-16]
 c100504:	e5d32002 	ldrb	r2, [r3, #2]
 c100508:	e59f3110 	ldr	r3, [pc, #272]	; c100620 <rtc_puttime+0x29c>
 c10050c:	e0831392 	umull	r1, r3, r2, r3
 c100510:	e1a031a3 	lsr	r3, r3, #3
 c100514:	e20330ff 	and	r3, r3, #255	; 0xff
 c100518:	e1a0c203 	lsl	ip, r3, #4
 c10051c:	e51b3010 	ldr	r3, [fp, #-16]
 c100520:	e5d32002 	ldrb	r2, [r3, #2]
 c100524:	e59f30f4 	ldr	r3, [pc, #244]	; c100620 <rtc_puttime+0x29c>
 c100528:	e0831392 	umull	r1, r3, r2, r3
 c10052c:	e1a011a3 	lsr	r1, r3, #3
 c100530:	e1a03001 	mov	r3, r1
 c100534:	e1a03103 	lsl	r3, r3, #2
 c100538:	e0833001 	add	r3, r3, r1
 c10053c:	e1a03083 	lsl	r3, r3, #1
 c100540:	e0633002 	rsb	r3, r3, r2
 c100544:	e20330ff 	and	r3, r3, #255	; 0xff
 c100548:	e18c3003 	orr	r3, ip, r3
 c10054c:	e5803000 	str	r3, [r0]
    BCDMIN  = (((rtc_time->min)/10) << 4) | ((rtc_time->min)%10);
 c100550:	e59f00dc 	ldr	r0, [pc, #220]	; c100634 <rtc_puttime+0x2b0>
 c100554:	e51b3010 	ldr	r3, [fp, #-16]
 c100558:	e5d32001 	ldrb	r2, [r3, #1]
 c10055c:	e59f30bc 	ldr	r3, [pc, #188]	; c100620 <rtc_puttime+0x29c>
 c100560:	e0831392 	umull	r1, r3, r2, r3
 c100564:	e1a031a3 	lsr	r3, r3, #3
 c100568:	e20330ff 	and	r3, r3, #255	; 0xff
 c10056c:	e1a0c203 	lsl	ip, r3, #4
 c100570:	e51b3010 	ldr	r3, [fp, #-16]
 c100574:	e5d32001 	ldrb	r2, [r3, #1]
 c100578:	e59f30a0 	ldr	r3, [pc, #160]	; c100620 <rtc_puttime+0x29c>
 c10057c:	e0831392 	umull	r1, r3, r2, r3
 c100580:	e1a011a3 	lsr	r1, r3, #3
 c100584:	e1a03001 	mov	r3, r1
 c100588:	e1a03103 	lsl	r3, r3, #2
 c10058c:	e0833001 	add	r3, r3, r1
 c100590:	e1a03083 	lsl	r3, r3, #1
 c100594:	e0633002 	rsb	r3, r3, r2
 c100598:	e20330ff 	and	r3, r3, #255	; 0xff
 c10059c:	e18c3003 	orr	r3, ip, r3
 c1005a0:	e5803000 	str	r3, [r0]
    BCDSEC  = (((rtc_time->sec)/10) << 4) | ((rtc_time->sec)%10);
 c1005a4:	e59f008c 	ldr	r0, [pc, #140]	; c100638 <rtc_puttime+0x2b4>
 c1005a8:	e51b3010 	ldr	r3, [fp, #-16]
 c1005ac:	e5d32000 	ldrb	r2, [r3]
 c1005b0:	e59f3068 	ldr	r3, [pc, #104]	; c100620 <rtc_puttime+0x29c>
 c1005b4:	e0831392 	umull	r1, r3, r2, r3
 c1005b8:	e1a031a3 	lsr	r3, r3, #3
 c1005bc:	e20330ff 	and	r3, r3, #255	; 0xff
 c1005c0:	e1a0c203 	lsl	ip, r3, #4
 c1005c4:	e51b3010 	ldr	r3, [fp, #-16]
 c1005c8:	e5d32000 	ldrb	r2, [r3]
 c1005cc:	e59f304c 	ldr	r3, [pc, #76]	; c100620 <rtc_puttime+0x29c>
 c1005d0:	e0831392 	umull	r1, r3, r2, r3
 c1005d4:	e1a011a3 	lsr	r1, r3, #3
 c1005d8:	e1a03001 	mov	r3, r1
 c1005dc:	e1a03103 	lsl	r3, r3, #2
 c1005e0:	e0833001 	add	r3, r3, r1
 c1005e4:	e1a03083 	lsl	r3, r3, #1
 c1005e8:	e0633002 	rsb	r3, r3, r2
 c1005ec:	e20330ff 	and	r3, r3, #255	; 0xff
 c1005f0:	e18c3003 	orr	r3, ip, r3
 c1005f4:	e5803000 	str	r3, [r0]
        
    RTCCON &= ~(1 << 0);
 c1005f8:	e59f3018 	ldr	r3, [pc, #24]	; c100618 <rtc_puttime+0x294>
 c1005fc:	e59f2014 	ldr	r2, [pc, #20]	; c100618 <rtc_puttime+0x294>
 c100600:	e5922000 	ldr	r2, [r2]
 c100604:	e3c22001 	bic	r2, r2, #1
 c100608:	e5832000 	str	r2, [r3]
}
 c10060c:	e24bd00c 	sub	sp, fp, #12
 c100610:	e89d6800 	ldm	sp, {fp, sp, lr}
 c100614:	e12fff1e 	bx	lr
 c100618:	01d70040 	.word	0x01d70040
 c10061c:	01d70088 	.word	0x01d70088
 c100620:	cccccccd 	.word	0xcccccccd
 c100624:	01d70084 	.word	0x01d70084
 c100628:	01d7007c 	.word	0x01d7007c
 c10062c:	01d70080 	.word	0x01d70080
 c100630:	01d70078 	.word	0x01d70078
 c100634:	01d70074 	.word	0x01d70074
 c100638:	01d70070 	.word	0x01d70070

0c10063c <rtc_gettime>:

void rtc_gettime( rtc_time_t *rtc_time )
{
 c10063c:	e1a0c00d 	mov	ip, sp
 c100640:	e92dd800 	push	{fp, ip, lr, pc}
 c100644:	e24cb004 	sub	fp, ip, #4
 c100648:	e24dd008 	sub	sp, sp, #8
 c10064c:	e50b0010 	str	r0, [fp, #-16]
    RTCCON |= (1 << 0);
 c100650:	e59f342c 	ldr	r3, [pc, #1068]	; c100a84 <rtc_gettime+0x448>
 c100654:	e59f2428 	ldr	r2, [pc, #1064]	; c100a84 <rtc_gettime+0x448>
 c100658:	e5922000 	ldr	r2, [r2]
 c10065c:	e3822001 	orr	r2, r2, #1
 c100660:	e5832000 	str	r2, [r3]
    
    rtc_time->year = (BCDYEAR & 0xF) + (BCDYEAR >>4)*10;
 c100664:	e59f341c 	ldr	r3, [pc, #1052]	; c100a88 <rtc_gettime+0x44c>
 c100668:	e5933000 	ldr	r3, [r3]
 c10066c:	e20330ff 	and	r3, r3, #255	; 0xff
 c100670:	e203300f 	and	r3, r3, #15
 c100674:	e20320ff 	and	r2, r3, #255	; 0xff
 c100678:	e59f3408 	ldr	r3, [pc, #1032]	; c100a88 <rtc_gettime+0x44c>
 c10067c:	e5933000 	ldr	r3, [r3]
 c100680:	e1a03223 	lsr	r3, r3, #4
 c100684:	e20330ff 	and	r3, r3, #255	; 0xff
 c100688:	e1a01003 	mov	r1, r3
 c10068c:	e1a01101 	lsl	r1, r1, #2
 c100690:	e0813003 	add	r3, r1, r3
 c100694:	e1a03083 	lsl	r3, r3, #1
 c100698:	e20330ff 	and	r3, r3, #255	; 0xff
 c10069c:	e0823003 	add	r3, r2, r3
 c1006a0:	e20320ff 	and	r2, r3, #255	; 0xff
 c1006a4:	e51b3010 	ldr	r3, [fp, #-16]
 c1006a8:	e5c32006 	strb	r2, [r3, #6]
    rtc_time->mon  = (BCDMON & 0xF) + (BCDMON >>4)*10;
 c1006ac:	e59f33d8 	ldr	r3, [pc, #984]	; c100a8c <rtc_gettime+0x450>
 c1006b0:	e5933000 	ldr	r3, [r3]
 c1006b4:	e20330ff 	and	r3, r3, #255	; 0xff
 c1006b8:	e203300f 	and	r3, r3, #15
 c1006bc:	e20320ff 	and	r2, r3, #255	; 0xff
 c1006c0:	e59f33c4 	ldr	r3, [pc, #964]	; c100a8c <rtc_gettime+0x450>
 c1006c4:	e5933000 	ldr	r3, [r3]
 c1006c8:	e1a03223 	lsr	r3, r3, #4
 c1006cc:	e20330ff 	and	r3, r3, #255	; 0xff
 c1006d0:	e1a01003 	mov	r1, r3
 c1006d4:	e1a01101 	lsl	r1, r1, #2
 c1006d8:	e0813003 	add	r3, r1, r3
 c1006dc:	e1a03083 	lsl	r3, r3, #1
 c1006e0:	e20330ff 	and	r3, r3, #255	; 0xff
 c1006e4:	e0823003 	add	r3, r2, r3
 c1006e8:	e20320ff 	and	r2, r3, #255	; 0xff
 c1006ec:	e51b3010 	ldr	r3, [fp, #-16]
 c1006f0:	e5c32005 	strb	r2, [r3, #5]
    rtc_time->mday = (BCDDAY & 0xF) + (BCDDAY >>4)*10;
 c1006f4:	e59f3394 	ldr	r3, [pc, #916]	; c100a90 <rtc_gettime+0x454>
 c1006f8:	e5933000 	ldr	r3, [r3]
 c1006fc:	e20330ff 	and	r3, r3, #255	; 0xff
 c100700:	e203300f 	and	r3, r3, #15
 c100704:	e20320ff 	and	r2, r3, #255	; 0xff
 c100708:	e59f3380 	ldr	r3, [pc, #896]	; c100a90 <rtc_gettime+0x454>
 c10070c:	e5933000 	ldr	r3, [r3]
 c100710:	e1a03223 	lsr	r3, r3, #4
 c100714:	e20330ff 	and	r3, r3, #255	; 0xff
 c100718:	e1a01003 	mov	r1, r3
 c10071c:	e1a01101 	lsl	r1, r1, #2
 c100720:	e0813003 	add	r3, r1, r3
 c100724:	e1a03083 	lsl	r3, r3, #1
 c100728:	e20330ff 	and	r3, r3, #255	; 0xff
 c10072c:	e0823003 	add	r3, r2, r3
 c100730:	e20320ff 	and	r2, r3, #255	; 0xff
 c100734:	e51b3010 	ldr	r3, [fp, #-16]
 c100738:	e5c32003 	strb	r2, [r3, #3]
    rtc_time->wday = (BCDDATE & 0xF) + (BCDDATE >>4)*10;
 c10073c:	e59f3350 	ldr	r3, [pc, #848]	; c100a94 <rtc_gettime+0x458>
 c100740:	e5933000 	ldr	r3, [r3]
 c100744:	e20330ff 	and	r3, r3, #255	; 0xff
 c100748:	e203300f 	and	r3, r3, #15
 c10074c:	e20320ff 	and	r2, r3, #255	; 0xff
 c100750:	e59f333c 	ldr	r3, [pc, #828]	; c100a94 <rtc_gettime+0x458>
 c100754:	e5933000 	ldr	r3, [r3]
 c100758:	e1a03223 	lsr	r3, r3, #4
 c10075c:	e20330ff 	and	r3, r3, #255	; 0xff
 c100760:	e1a01003 	mov	r1, r3
 c100764:	e1a01101 	lsl	r1, r1, #2
 c100768:	e0813003 	add	r3, r1, r3
 c10076c:	e1a03083 	lsl	r3, r3, #1
 c100770:	e20330ff 	and	r3, r3, #255	; 0xff
 c100774:	e0823003 	add	r3, r2, r3
 c100778:	e20320ff 	and	r2, r3, #255	; 0xff
 c10077c:	e51b3010 	ldr	r3, [fp, #-16]
 c100780:	e5c32004 	strb	r2, [r3, #4]
    rtc_time->hour = (BCDHOUR & 0xF) + (BCDHOUR >>4)*10;
 c100784:	e59f330c 	ldr	r3, [pc, #780]	; c100a98 <rtc_gettime+0x45c>
 c100788:	e5933000 	ldr	r3, [r3]
 c10078c:	e20330ff 	and	r3, r3, #255	; 0xff
 c100790:	e203300f 	and	r3, r3, #15
 c100794:	e20320ff 	and	r2, r3, #255	; 0xff
 c100798:	e59f32f8 	ldr	r3, [pc, #760]	; c100a98 <rtc_gettime+0x45c>
 c10079c:	e5933000 	ldr	r3, [r3]
 c1007a0:	e1a03223 	lsr	r3, r3, #4
 c1007a4:	e20330ff 	and	r3, r3, #255	; 0xff
 c1007a8:	e1a01003 	mov	r1, r3
 c1007ac:	e1a01101 	lsl	r1, r1, #2
 c1007b0:	e0813003 	add	r3, r1, r3
 c1007b4:	e1a03083 	lsl	r3, r3, #1
 c1007b8:	e20330ff 	and	r3, r3, #255	; 0xff
 c1007bc:	e0823003 	add	r3, r2, r3
 c1007c0:	e20320ff 	and	r2, r3, #255	; 0xff
 c1007c4:	e51b3010 	ldr	r3, [fp, #-16]
 c1007c8:	e5c32002 	strb	r2, [r3, #2]
    rtc_time->min  = (BCDMIN & 0xF) + (BCDMIN >>4)*10;
 c1007cc:	e59f32c8 	ldr	r3, [pc, #712]	; c100a9c <rtc_gettime+0x460>
 c1007d0:	e5933000 	ldr	r3, [r3]
 c1007d4:	e20330ff 	and	r3, r3, #255	; 0xff
 c1007d8:	e203300f 	and	r3, r3, #15
 c1007dc:	e20320ff 	and	r2, r3, #255	; 0xff
 c1007e0:	e59f32b4 	ldr	r3, [pc, #692]	; c100a9c <rtc_gettime+0x460>
 c1007e4:	e5933000 	ldr	r3, [r3]
 c1007e8:	e1a03223 	lsr	r3, r3, #4
 c1007ec:	e20330ff 	and	r3, r3, #255	; 0xff
 c1007f0:	e1a01003 	mov	r1, r3
 c1007f4:	e1a01101 	lsl	r1, r1, #2
 c1007f8:	e0813003 	add	r3, r1, r3
 c1007fc:	e1a03083 	lsl	r3, r3, #1
 c100800:	e20330ff 	and	r3, r3, #255	; 0xff
 c100804:	e0823003 	add	r3, r2, r3
 c100808:	e20320ff 	and	r2, r3, #255	; 0xff
 c10080c:	e51b3010 	ldr	r3, [fp, #-16]
 c100810:	e5c32001 	strb	r2, [r3, #1]
    rtc_time->sec  = (BCDSEC & 0xF) + (BCDSEC >>4)*10;
 c100814:	e59f3284 	ldr	r3, [pc, #644]	; c100aa0 <rtc_gettime+0x464>
 c100818:	e5933000 	ldr	r3, [r3]
 c10081c:	e20330ff 	and	r3, r3, #255	; 0xff
 c100820:	e203300f 	and	r3, r3, #15
 c100824:	e20320ff 	and	r2, r3, #255	; 0xff
 c100828:	e59f3270 	ldr	r3, [pc, #624]	; c100aa0 <rtc_gettime+0x464>
 c10082c:	e5933000 	ldr	r3, [r3]
 c100830:	e1a03223 	lsr	r3, r3, #4
 c100834:	e20330ff 	and	r3, r3, #255	; 0xff
 c100838:	e1a01003 	mov	r1, r3
 c10083c:	e1a01101 	lsl	r1, r1, #2
 c100840:	e0813003 	add	r3, r1, r3
 c100844:	e1a03083 	lsl	r3, r3, #1
 c100848:	e20330ff 	and	r3, r3, #255	; 0xff
 c10084c:	e0823003 	add	r3, r2, r3
 c100850:	e20320ff 	and	r2, r3, #255	; 0xff
 c100854:	e51b3010 	ldr	r3, [fp, #-16]
 c100858:	e5c32000 	strb	r2, [r3]
    if( ! rtc_time->sec ){
 c10085c:	e51b3010 	ldr	r3, [fp, #-16]
 c100860:	e5d33000 	ldrb	r3, [r3]
 c100864:	e3530000 	cmp	r3, #0
 c100868:	1a00007d 	bne	c100a64 <rtc_gettime+0x428>
    	rtc_time->year = (BCDYEAR & 0xF) + (BCDYEAR >>4)*10;
 c10086c:	e59f3214 	ldr	r3, [pc, #532]	; c100a88 <rtc_gettime+0x44c>
 c100870:	e5933000 	ldr	r3, [r3]
 c100874:	e20330ff 	and	r3, r3, #255	; 0xff
 c100878:	e203300f 	and	r3, r3, #15
 c10087c:	e20320ff 	and	r2, r3, #255	; 0xff
 c100880:	e59f3200 	ldr	r3, [pc, #512]	; c100a88 <rtc_gettime+0x44c>
 c100884:	e5933000 	ldr	r3, [r3]
 c100888:	e1a03223 	lsr	r3, r3, #4
 c10088c:	e20330ff 	and	r3, r3, #255	; 0xff
 c100890:	e1a01003 	mov	r1, r3
 c100894:	e1a01101 	lsl	r1, r1, #2
 c100898:	e0813003 	add	r3, r1, r3
 c10089c:	e1a03083 	lsl	r3, r3, #1
 c1008a0:	e20330ff 	and	r3, r3, #255	; 0xff
 c1008a4:	e0823003 	add	r3, r2, r3
 c1008a8:	e20320ff 	and	r2, r3, #255	; 0xff
 c1008ac:	e51b3010 	ldr	r3, [fp, #-16]
 c1008b0:	e5c32006 	strb	r2, [r3, #6]
		rtc_time->mon  = (BCDMON & 0xF) + (BCDMON >>4)*10;
 c1008b4:	e59f31d0 	ldr	r3, [pc, #464]	; c100a8c <rtc_gettime+0x450>
 c1008b8:	e5933000 	ldr	r3, [r3]
 c1008bc:	e20330ff 	and	r3, r3, #255	; 0xff
 c1008c0:	e203300f 	and	r3, r3, #15
 c1008c4:	e20320ff 	and	r2, r3, #255	; 0xff
 c1008c8:	e59f31bc 	ldr	r3, [pc, #444]	; c100a8c <rtc_gettime+0x450>
 c1008cc:	e5933000 	ldr	r3, [r3]
 c1008d0:	e1a03223 	lsr	r3, r3, #4
 c1008d4:	e20330ff 	and	r3, r3, #255	; 0xff
 c1008d8:	e1a01003 	mov	r1, r3
 c1008dc:	e1a01101 	lsl	r1, r1, #2
 c1008e0:	e0813003 	add	r3, r1, r3
 c1008e4:	e1a03083 	lsl	r3, r3, #1
 c1008e8:	e20330ff 	and	r3, r3, #255	; 0xff
 c1008ec:	e0823003 	add	r3, r2, r3
 c1008f0:	e20320ff 	and	r2, r3, #255	; 0xff
 c1008f4:	e51b3010 	ldr	r3, [fp, #-16]
 c1008f8:	e5c32005 	strb	r2, [r3, #5]
		rtc_time->mday = (BCDDATE & 0xF) + (BCDDATE >>4)*10;
 c1008fc:	e59f3190 	ldr	r3, [pc, #400]	; c100a94 <rtc_gettime+0x458>
 c100900:	e5933000 	ldr	r3, [r3]
 c100904:	e20330ff 	and	r3, r3, #255	; 0xff
 c100908:	e203300f 	and	r3, r3, #15
 c10090c:	e20320ff 	and	r2, r3, #255	; 0xff
 c100910:	e59f317c 	ldr	r3, [pc, #380]	; c100a94 <rtc_gettime+0x458>
 c100914:	e5933000 	ldr	r3, [r3]
 c100918:	e1a03223 	lsr	r3, r3, #4
 c10091c:	e20330ff 	and	r3, r3, #255	; 0xff
 c100920:	e1a01003 	mov	r1, r3
 c100924:	e1a01101 	lsl	r1, r1, #2
 c100928:	e0813003 	add	r3, r1, r3
 c10092c:	e1a03083 	lsl	r3, r3, #1
 c100930:	e20330ff 	and	r3, r3, #255	; 0xff
 c100934:	e0823003 	add	r3, r2, r3
 c100938:	e20320ff 	and	r2, r3, #255	; 0xff
 c10093c:	e51b3010 	ldr	r3, [fp, #-16]
 c100940:	e5c32003 	strb	r2, [r3, #3]
		rtc_time->wday = (BCDDAY & 0xF) + (BCDDAY >>4)*10;
 c100944:	e59f3144 	ldr	r3, [pc, #324]	; c100a90 <rtc_gettime+0x454>
 c100948:	e5933000 	ldr	r3, [r3]
 c10094c:	e20330ff 	and	r3, r3, #255	; 0xff
 c100950:	e203300f 	and	r3, r3, #15
 c100954:	e20320ff 	and	r2, r3, #255	; 0xff
 c100958:	e59f3130 	ldr	r3, [pc, #304]	; c100a90 <rtc_gettime+0x454>
 c10095c:	e5933000 	ldr	r3, [r3]
 c100960:	e1a03223 	lsr	r3, r3, #4
 c100964:	e20330ff 	and	r3, r3, #255	; 0xff
 c100968:	e1a01003 	mov	r1, r3
 c10096c:	e1a01101 	lsl	r1, r1, #2
 c100970:	e0813003 	add	r3, r1, r3
 c100974:	e1a03083 	lsl	r3, r3, #1
 c100978:	e20330ff 	and	r3, r3, #255	; 0xff
 c10097c:	e0823003 	add	r3, r2, r3
 c100980:	e20320ff 	and	r2, r3, #255	; 0xff
 c100984:	e51b3010 	ldr	r3, [fp, #-16]
 c100988:	e5c32004 	strb	r2, [r3, #4]
		rtc_time->hour = (BCDHOUR & 0xF) + (BCDHOUR >>4)*10;
 c10098c:	e59f3104 	ldr	r3, [pc, #260]	; c100a98 <rtc_gettime+0x45c>
 c100990:	e5933000 	ldr	r3, [r3]
 c100994:	e20330ff 	and	r3, r3, #255	; 0xff
 c100998:	e203300f 	and	r3, r3, #15
 c10099c:	e20320ff 	and	r2, r3, #255	; 0xff
 c1009a0:	e59f30f0 	ldr	r3, [pc, #240]	; c100a98 <rtc_gettime+0x45c>
 c1009a4:	e5933000 	ldr	r3, [r3]
 c1009a8:	e1a03223 	lsr	r3, r3, #4
 c1009ac:	e20330ff 	and	r3, r3, #255	; 0xff
 c1009b0:	e1a01003 	mov	r1, r3
 c1009b4:	e1a01101 	lsl	r1, r1, #2
 c1009b8:	e0813003 	add	r3, r1, r3
 c1009bc:	e1a03083 	lsl	r3, r3, #1
 c1009c0:	e20330ff 	and	r3, r3, #255	; 0xff
 c1009c4:	e0823003 	add	r3, r2, r3
 c1009c8:	e20320ff 	and	r2, r3, #255	; 0xff
 c1009cc:	e51b3010 	ldr	r3, [fp, #-16]
 c1009d0:	e5c32002 	strb	r2, [r3, #2]
		rtc_time->min  = (BCDMIN & 0xF) + (BCDMIN >>4)*10;
 c1009d4:	e59f30c0 	ldr	r3, [pc, #192]	; c100a9c <rtc_gettime+0x460>
 c1009d8:	e5933000 	ldr	r3, [r3]
 c1009dc:	e20330ff 	and	r3, r3, #255	; 0xff
 c1009e0:	e203300f 	and	r3, r3, #15
 c1009e4:	e20320ff 	and	r2, r3, #255	; 0xff
 c1009e8:	e59f30ac 	ldr	r3, [pc, #172]	; c100a9c <rtc_gettime+0x460>
 c1009ec:	e5933000 	ldr	r3, [r3]
 c1009f0:	e1a03223 	lsr	r3, r3, #4
 c1009f4:	e20330ff 	and	r3, r3, #255	; 0xff
 c1009f8:	e1a01003 	mov	r1, r3
 c1009fc:	e1a01101 	lsl	r1, r1, #2
 c100a00:	e0813003 	add	r3, r1, r3
 c100a04:	e1a03083 	lsl	r3, r3, #1
 c100a08:	e20330ff 	and	r3, r3, #255	; 0xff
 c100a0c:	e0823003 	add	r3, r2, r3
 c100a10:	e20320ff 	and	r2, r3, #255	; 0xff
 c100a14:	e51b3010 	ldr	r3, [fp, #-16]
 c100a18:	e5c32001 	strb	r2, [r3, #1]
		rtc_time->sec  = (BCDSEC & 0xF) + (BCDSEC >>4)*10;
 c100a1c:	e59f307c 	ldr	r3, [pc, #124]	; c100aa0 <rtc_gettime+0x464>
 c100a20:	e5933000 	ldr	r3, [r3]
 c100a24:	e20330ff 	and	r3, r3, #255	; 0xff
 c100a28:	e203300f 	and	r3, r3, #15
 c100a2c:	e20320ff 	and	r2, r3, #255	; 0xff
 c100a30:	e59f3068 	ldr	r3, [pc, #104]	; c100aa0 <rtc_gettime+0x464>
 c100a34:	e5933000 	ldr	r3, [r3]
 c100a38:	e1a03223 	lsr	r3, r3, #4
 c100a3c:	e20330ff 	and	r3, r3, #255	; 0xff
 c100a40:	e1a01003 	mov	r1, r3
 c100a44:	e1a01101 	lsl	r1, r1, #2
 c100a48:	e0813003 	add	r3, r1, r3
 c100a4c:	e1a03083 	lsl	r3, r3, #1
 c100a50:	e20330ff 	and	r3, r3, #255	; 0xff
 c100a54:	e0823003 	add	r3, r2, r3
 c100a58:	e20320ff 	and	r2, r3, #255	; 0xff
 c100a5c:	e51b3010 	ldr	r3, [fp, #-16]
 c100a60:	e5c32000 	strb	r2, [r3]
    };

    RTCCON &= ~(1 << 0);
 c100a64:	e59f3018 	ldr	r3, [pc, #24]	; c100a84 <rtc_gettime+0x448>
 c100a68:	e59f2014 	ldr	r2, [pc, #20]	; c100a84 <rtc_gettime+0x448>
 c100a6c:	e5922000 	ldr	r2, [r2]
 c100a70:	e3c22001 	bic	r2, r2, #1
 c100a74:	e5832000 	str	r2, [r3]
}
 c100a78:	e24bd00c 	sub	sp, fp, #12
 c100a7c:	e89d6800 	ldm	sp, {fp, sp, lr}
 c100a80:	e12fff1e 	bx	lr
 c100a84:	01d70040 	.word	0x01d70040
 c100a88:	01d70088 	.word	0x01d70088
 c100a8c:	01d70084 	.word	0x01d70084
 c100a90:	01d7007c 	.word	0x01d7007c
 c100a94:	01d70080 	.word	0x01d70080
 c100a98:	01d70078 	.word	0x01d70078
 c100a9c:	01d70074 	.word	0x01d70074
 c100aa0:	01d70070 	.word	0x01d70070

0c100aa4 <rtc_open>:


void rtc_open( void (*isr)(void), uint8 tick_count )
{
 c100aa4:	e1a0c00d 	mov	ip, sp
 c100aa8:	e92dd800 	push	{fp, ip, lr, pc}
 c100aac:	e24cb004 	sub	fp, ip, #4
 c100ab0:	e24dd008 	sub	sp, sp, #8
 c100ab4:	e50b0010 	str	r0, [fp, #-16]
 c100ab8:	e1a03001 	mov	r3, r1
 c100abc:	e54b3011 	strb	r3, [fp, #-17]	; 0xffffffef
    pISR_TICK = (uint32)isr;
 c100ac0:	e59f3048 	ldr	r3, [pc, #72]	; c100b10 <rtc_open+0x6c>
 c100ac4:	e51b2010 	ldr	r2, [fp, #-16]
 c100ac8:	e5832000 	str	r2, [r3]
    I_ISPC    = BIT_TICK;
 c100acc:	e59f3040 	ldr	r3, [pc, #64]	; c100b14 <rtc_open+0x70>
 c100ad0:	e3a02601 	mov	r2, #1048576	; 0x100000
 c100ad4:	e5832000 	str	r2, [r3]
    INTMSK   &= ~(BIT_GLOBAL | BIT_TICK);
 c100ad8:	e59f3038 	ldr	r3, [pc, #56]	; c100b18 <rtc_open+0x74>
 c100adc:	e59f2034 	ldr	r2, [pc, #52]	; c100b18 <rtc_open+0x74>
 c100ae0:	e5922000 	ldr	r2, [r2]
 c100ae4:	e3c22641 	bic	r2, r2, #68157440	; 0x4100000
 c100ae8:	e5832000 	str	r2, [r3]
    TICNT     = 0x80 | tick_count;
 c100aec:	e59f2028 	ldr	r2, [pc, #40]	; c100b1c <rtc_open+0x78>
 c100af0:	e55b3011 	ldrb	r3, [fp, #-17]	; 0xffffffef
 c100af4:	e1e03c83 	mvn	r3, r3, lsl #25
 c100af8:	e1e03ca3 	mvn	r3, r3, lsr #25
 c100afc:	e20330ff 	and	r3, r3, #255	; 0xff
 c100b00:	e5823000 	str	r3, [r2]
}
 c100b04:	e24bd00c 	sub	sp, fp, #12
 c100b08:	e89d6800 	ldm	sp, {fp, sp, lr}
 c100b0c:	e12fff1e 	bx	lr
 c100b10:	0c7fff70 	.word	0x0c7fff70
 c100b14:	01e00024 	.word	0x01e00024
 c100b18:	01e0000c 	.word	0x01e0000c
 c100b1c:	01d7008c 	.word	0x01d7008c

0c100b20 <rtc_close>:

void rtc_close( void )
{
 c100b20:	e1a0c00d 	mov	ip, sp
 c100b24:	e92dd800 	push	{fp, ip, lr, pc}
 c100b28:	e24cb004 	sub	fp, ip, #4
    TICNT     = 0x0;
 c100b2c:	e59f3030 	ldr	r3, [pc, #48]	; c100b64 <rtc_close+0x44>
 c100b30:	e3a02000 	mov	r2, #0
 c100b34:	e5832000 	str	r2, [r3]
    INTMSK   |= BIT_TICK;
 c100b38:	e59f3028 	ldr	r3, [pc, #40]	; c100b68 <rtc_close+0x48>
 c100b3c:	e59f2024 	ldr	r2, [pc, #36]	; c100b68 <rtc_close+0x48>
 c100b40:	e5922000 	ldr	r2, [r2]
 c100b44:	e3822601 	orr	r2, r2, #1048576	; 0x100000
 c100b48:	e5832000 	str	r2, [r3]
    pISR_TICK = isr_TICK_dummy;
 c100b4c:	e59f3018 	ldr	r3, [pc, #24]	; c100b6c <rtc_close+0x4c>
 c100b50:	e59f2018 	ldr	r2, [pc, #24]	; c100b70 <rtc_close+0x50>
 c100b54:	e5832000 	str	r2, [r3]
}
 c100b58:	e24bd00c 	sub	sp, fp, #12
 c100b5c:	e89d6800 	ldm	sp, {fp, sp, lr}
 c100b60:	e12fff1e 	bx	lr
 c100b64:	01d7008c 	.word	0x01d7008c
 c100b68:	01e0000c 	.word	0x01e0000c
 c100b6c:	0c7fff70 	.word	0x0c7fff70
 c100b70:	0c101538 	.word	0x0c101538

0c100b74 <sys_init>:
void isr_TS_dummy( void )	     __attribute__ ((interrupt ("IRQ")));
void isr_KEYPAD_dummy( void )	 __attribute__ ((interrupt ("IRQ")));
void isr_USB_dummy( void )       __attribute__ ((interrupt ("IRQ")));

void sys_init( void )
{
 c100b74:	e1a0c00d 	mov	ip, sp
 c100b78:	e92dd800 	push	{fp, ip, lr, pc}
 c100b7c:	e24cb004 	sub	fp, ip, #4
    WTCON  = 0;    
 c100b80:	e59f30ec 	ldr	r3, [pc, #236]	; c100c74 <sys_init+0x100>
 c100b84:	e3a02000 	mov	r2, #0
 c100b88:	e5832000 	str	r2, [r3]
    INTMSK = ~0;
 c100b8c:	e59f30e4 	ldr	r3, [pc, #228]	; c100c78 <sys_init+0x104>
 c100b90:	e3e02000 	mvn	r2, #0
 c100b94:	e5832000 	str	r2, [r3]

    LOCKTIME = 0xFFF;
 c100b98:	e59f30dc 	ldr	r3, [pc, #220]	; c100c7c <sys_init+0x108>
 c100b9c:	e59f20dc 	ldr	r2, [pc, #220]	; c100c80 <sys_init+0x10c>
 c100ba0:	e5832000 	str	r2, [r3]
    PLLCON   = 0x38021;
 c100ba4:	e3a03776 	mov	r3, #30932992	; 0x1d80000
 c100ba8:	e59f20d4 	ldr	r2, [pc, #212]	; c100c84 <sys_init+0x110>
 c100bac:	e5832000 	str	r2, [r3]
    CLKSLOW  = 0x8;
 c100bb0:	e59f30d0 	ldr	r3, [pc, #208]	; c100c88 <sys_init+0x114>
 c100bb4:	e3a02008 	mov	r2, #8
 c100bb8:	e5832000 	str	r2, [r3]
    CLKCON   = 0x7FF8;
 c100bbc:	e59f30c8 	ldr	r3, [pc, #200]	; c100c8c <sys_init+0x118>
 c100bc0:	e59f20c8 	ldr	r2, [pc, #200]	; c100c90 <sys_init+0x11c>
 c100bc4:	e5832000 	str	r2, [r3]
    
    SBUSCON = 0x8000001B;
 c100bc8:	e3a03771 	mov	r3, #29622272	; 0x1c40000
 c100bcc:	e3a0216e 	mov	r2, #-2147483621	; 0x8000001b
 c100bd0:	e5832000 	str	r2, [r3]
    
    SYSCFG = 0x0;
 c100bd4:	e3a03507 	mov	r3, #29360128	; 0x1c00000
 c100bd8:	e3a02000 	mov	r2, #0
 c100bdc:	e5832000 	str	r2, [r3]
    
    I_PMST = 0x1F1B;
 c100be0:	e59f30ac 	ldr	r3, [pc, #172]	; c100c94 <sys_init+0x120>
 c100be4:	e59f20ac 	ldr	r2, [pc, #172]	; c100c98 <sys_init+0x124>
 c100be8:	e5832000 	str	r2, [r3]
    I_PSLV = 0x1B1B1B1B;
 c100bec:	e59f30a8 	ldr	r3, [pc, #168]	; c100c9c <sys_init+0x128>
 c100bf0:	e59f20a8 	ldr	r2, [pc, #168]	; c100ca0 <sys_init+0x12c>
 c100bf4:	e5832000 	str	r2, [r3]
    INTMOD = 0x0;
 c100bf8:	e59f30a4 	ldr	r3, [pc, #164]	; c100ca4 <sys_init+0x130>
 c100bfc:	e3a02000 	mov	r2, #0
 c100c00:	e5832000 	str	r2, [r3]
    install_dummy_isr();
 c100c04:	eb00008c 	bl	c100e3c <install_dummy_isr>
    EXTINTPND = 0xF;
 c100c08:	e59f3098 	ldr	r3, [pc, #152]	; c100ca8 <sys_init+0x134>
 c100c0c:	e3a0200f 	mov	r2, #15
 c100c10:	e5832000 	str	r2, [r3]
    I_ISPC = 0x01E00024;
 c100c14:	e59f3090 	ldr	r3, [pc, #144]	; c100cac <sys_init+0x138>
 c100c18:	e59f208c 	ldr	r2, [pc, #140]	; c100cac <sys_init+0x138>
 c100c1c:	e5832000 	str	r2, [r3]
    INTCON = 0x1;
 c100c20:	e3a0361e 	mov	r3, #31457280	; 0x1e00000
 c100c24:	e3a02001 	mov	r2, #1
 c100c28:	e5832000 	str	r2, [r3]

    SET_OPMODE( SVCMODE );
 c100c2c:	e10f0000 	mrs	r0, CPSR
 c100c30:	e3c0001f 	bic	r0, r0, #31
 c100c34:	e3800013 	orr	r0, r0, #19
 c100c38:	e121f000 	msr	CPSR_c, r0
    SET_IRQFLAG( 0 );
 c100c3c:	e10f0000 	mrs	r0, CPSR
 c100c40:	e3c00080 	bic	r0, r0, #128	; 0x80
 c100c44:	e3800000 	orr	r0, r0, #0
 c100c48:	e121f000 	msr	CPSR_c, r0
    SET_FIQFLAG( 1 );
 c100c4c:	e10f0000 	mrs	r0, CPSR
 c100c50:	e3c00040 	bic	r0, r0, #64	; 0x40
 c100c54:	e3800040 	orr	r0, r0, #64	; 0x40
 c100c58:	e121f000 	msr	CPSR_c, r0

    port_init();
 c100c5c:	eb000013 	bl	c100cb0 <port_init>
    uart0_init();
 c100c60:	eb00028b 	bl	c101694 <uart0_init>

    show_sys_info();
 c100c64:	eb000275 	bl	c101640 <show_sys_info>
}
 c100c68:	e24bd00c 	sub	sp, fp, #12
 c100c6c:	e89d6800 	ldm	sp, {fp, sp, lr}
 c100c70:	e12fff1e 	bx	lr
 c100c74:	01d30000 	.word	0x01d30000
 c100c78:	01e0000c 	.word	0x01e0000c
 c100c7c:	01d8000c 	.word	0x01d8000c
 c100c80:	00000fff 	.word	0x00000fff
 c100c84:	00038021 	.word	0x00038021
 c100c88:	01d80008 	.word	0x01d80008
 c100c8c:	01d80004 	.word	0x01d80004
 c100c90:	00007ff8 	.word	0x00007ff8
 c100c94:	01e00014 	.word	0x01e00014
 c100c98:	00001f1b 	.word	0x00001f1b
 c100c9c:	01e00010 	.word	0x01e00010
 c100ca0:	1b1b1b1b 	.word	0x1b1b1b1b
 c100ca4:	01e00008 	.word	0x01e00008
 c100ca8:	01d20054 	.word	0x01d20054
 c100cac:	01e00024 	.word	0x01e00024

0c100cb0 <port_init>:

static void port_init( void )
{
 c100cb0:	e1a0c00d 	mov	ip, sp
 c100cb4:	e92dd800 	push	{fp, ip, lr, pc}
 c100cb8:	e24cb004 	sub	fp, ip, #4
	PDATA = ~0;
 c100cbc:	e59f3100 	ldr	r3, [pc, #256]	; c100dc4 <port_init+0x114>
 c100cc0:	e3e02000 	mvn	r2, #0
 c100cc4:	e5832000 	str	r2, [r3]
	PCONA = 0xFE;
 c100cc8:	e59f30f8 	ldr	r3, [pc, #248]	; c100dc8 <port_init+0x118>
 c100ccc:	e3a020fe 	mov	r2, #254	; 0xfe
 c100cd0:	e5832000 	str	r2, [r3]

	PDATB = ~0;
 c100cd4:	e59f30f0 	ldr	r3, [pc, #240]	; c100dcc <port_init+0x11c>
 c100cd8:	e3e02000 	mvn	r2, #0
 c100cdc:	e5832000 	str	r2, [r3]
	PCONB = 0x14F;
 c100ce0:	e59f30e8 	ldr	r3, [pc, #232]	; c100dd0 <port_init+0x120>
 c100ce4:	e59f20e8 	ldr	r2, [pc, #232]	; c100dd4 <port_init+0x124>
 c100ce8:	e5832000 	str	r2, [r3]

	PDATC = ~0;
 c100cec:	e59f30e4 	ldr	r3, [pc, #228]	; c100dd8 <port_init+0x128>
 c100cf0:	e3e02000 	mvn	r2, #0
 c100cf4:	e5832000 	str	r2, [r3]
	PCONC = 0x5FF555FF;
 c100cf8:	e59f30dc 	ldr	r3, [pc, #220]	; c100ddc <port_init+0x12c>
 c100cfc:	e59f20dc 	ldr	r2, [pc, #220]	; c100de0 <port_init+0x130>
 c100d00:	e5832000 	str	r2, [r3]
	PUPC  = 0x94FB;
 c100d04:	e59f30d8 	ldr	r3, [pc, #216]	; c100de4 <port_init+0x134>
 c100d08:	e59f20d8 	ldr	r2, [pc, #216]	; c100de8 <port_init+0x138>
 c100d0c:	e5832000 	str	r2, [r3]

	PDATD = ~0;
 c100d10:	e59f30d4 	ldr	r3, [pc, #212]	; c100dec <port_init+0x13c>
 c100d14:	e3e02000 	mvn	r2, #0
 c100d18:	e5832000 	str	r2, [r3]
	PCOND = 0xAAAA;
 c100d1c:	e59f30cc 	ldr	r3, [pc, #204]	; c100df0 <port_init+0x140>
 c100d20:	e59f20cc 	ldr	r2, [pc, #204]	; c100df4 <port_init+0x144>
 c100d24:	e5832000 	str	r2, [r3]
	PUPD  = 0xFF;
 c100d28:	e59f30c8 	ldr	r3, [pc, #200]	; c100df8 <port_init+0x148>
 c100d2c:	e3a020ff 	mov	r2, #255	; 0xff
 c100d30:	e5832000 	str	r2, [r3]

	PDATE = ~0;
 c100d34:	e59f30c0 	ldr	r3, [pc, #192]	; c100dfc <port_init+0x14c>
 c100d38:	e3e02000 	mvn	r2, #0
 c100d3c:	e5832000 	str	r2, [r3]
	PCONE = 0x255A9;
 c100d40:	e59f30b8 	ldr	r3, [pc, #184]	; c100e00 <port_init+0x150>
 c100d44:	e59f20b8 	ldr	r2, [pc, #184]	; c100e04 <port_init+0x154>
 c100d48:	e5832000 	str	r2, [r3]
	PUPE  = 0x1FB;
 c100d4c:	e59f30b4 	ldr	r3, [pc, #180]	; c100e08 <port_init+0x158>
 c100d50:	e59f20b4 	ldr	r2, [pc, #180]	; c100e0c <port_init+0x15c>
 c100d54:	e5832000 	str	r2, [r3]

	PDATF = ~0;
 c100d58:	e59f30b0 	ldr	r3, [pc, #176]	; c100e10 <port_init+0x160>
 c100d5c:	e3e02000 	mvn	r2, #0
 c100d60:	e5832000 	str	r2, [r3]
	PCONF = 0x251A;
 c100d64:	e59f30a8 	ldr	r3, [pc, #168]	; c100e14 <port_init+0x164>
 c100d68:	e59f20a8 	ldr	r2, [pc, #168]	; c100e18 <port_init+0x168>
 c100d6c:	e5832000 	str	r2, [r3]
	PUPF  = 0x74;
 c100d70:	e59f30a4 	ldr	r3, [pc, #164]	; c100e1c <port_init+0x16c>
 c100d74:	e3a02074 	mov	r2, #116	; 0x74
 c100d78:	e5832000 	str	r2, [r3]

	PDATG = ~0;
 c100d7c:	e59f309c 	ldr	r3, [pc, #156]	; c100e20 <port_init+0x170>
 c100d80:	e3e02000 	mvn	r2, #0
 c100d84:	e5832000 	str	r2, [r3]
	PCONG = 0xF5FF;
 c100d88:	e59f3094 	ldr	r3, [pc, #148]	; c100e24 <port_init+0x174>
 c100d8c:	e59f2094 	ldr	r2, [pc, #148]	; c100e28 <port_init+0x178>
 c100d90:	e5832000 	str	r2, [r3]
	PUPG  = 0x30;
 c100d94:	e59f3090 	ldr	r3, [pc, #144]	; c100e2c <port_init+0x17c>
 c100d98:	e3a02030 	mov	r2, #48	; 0x30
 c100d9c:	e5832000 	str	r2, [r3]

	SPUCR = 0x7;
 c100da0:	e59f3088 	ldr	r3, [pc, #136]	; c100e30 <port_init+0x180>
 c100da4:	e3a02007 	mov	r2, #7
 c100da8:	e5832000 	str	r2, [r3]

	EXTINT = 0x22000220;
 c100dac:	e59f3080 	ldr	r3, [pc, #128]	; c100e34 <port_init+0x184>
 c100db0:	e59f2080 	ldr	r2, [pc, #128]	; c100e38 <port_init+0x188>
 c100db4:	e5832000 	str	r2, [r3]
}
 c100db8:	e24bd00c 	sub	sp, fp, #12
 c100dbc:	e89d6800 	ldm	sp, {fp, sp, lr}
 c100dc0:	e12fff1e 	bx	lr
 c100dc4:	01d20004 	.word	0x01d20004
 c100dc8:	01d20000 	.word	0x01d20000
 c100dcc:	01d2000c 	.word	0x01d2000c
 c100dd0:	01d20008 	.word	0x01d20008
 c100dd4:	0000014f 	.word	0x0000014f
 c100dd8:	01d20014 	.word	0x01d20014
 c100ddc:	01d20010 	.word	0x01d20010
 c100de0:	5ff555ff 	.word	0x5ff555ff
 c100de4:	01d20018 	.word	0x01d20018
 c100de8:	000094fb 	.word	0x000094fb
 c100dec:	01d20020 	.word	0x01d20020
 c100df0:	01d2001c 	.word	0x01d2001c
 c100df4:	0000aaaa 	.word	0x0000aaaa
 c100df8:	01d20024 	.word	0x01d20024
 c100dfc:	01d2002c 	.word	0x01d2002c
 c100e00:	01d20028 	.word	0x01d20028
 c100e04:	000255a9 	.word	0x000255a9
 c100e08:	01d20030 	.word	0x01d20030
 c100e0c:	000001fb 	.word	0x000001fb
 c100e10:	01d20038 	.word	0x01d20038
 c100e14:	01d20034 	.word	0x01d20034
 c100e18:	0000251a 	.word	0x0000251a
 c100e1c:	01d2003c 	.word	0x01d2003c
 c100e20:	01d20044 	.word	0x01d20044
 c100e24:	01d20040 	.word	0x01d20040
 c100e28:	0000f5ff 	.word	0x0000f5ff
 c100e2c:	01d20048 	.word	0x01d20048
 c100e30:	01d2004c 	.word	0x01d2004c
 c100e34:	01d20050 	.word	0x01d20050
 c100e38:	22000220 	.word	0x22000220

0c100e3c <install_dummy_isr>:

static void install_dummy_isr( void )
{ 
 c100e3c:	e1a0c00d 	mov	ip, sp
 c100e40:	e92dd800 	push	{fp, ip, lr, pc}
 c100e44:	e24cb004 	sub	fp, ip, #4
	pISR_SWI 	  = (uint32) isr_SWI_dummy;
 c100e48:	e59f3178 	ldr	r3, [pc, #376]	; c100fc8 <install_dummy_isr+0x18c>
 c100e4c:	e59f2178 	ldr	r2, [pc, #376]	; c100fcc <install_dummy_isr+0x190>
 c100e50:	e5832000 	str	r2, [r3]
	pISR_PABORT   = (uint32) isr_PABORT_dummy;
 c100e54:	e59f3174 	ldr	r3, [pc, #372]	; c100fd0 <install_dummy_isr+0x194>
 c100e58:	e59f2174 	ldr	r2, [pc, #372]	; c100fd4 <install_dummy_isr+0x198>
 c100e5c:	e5832000 	str	r2, [r3]
	pISR_DABORT   = (uint32) isr_DABORT_dummy;
 c100e60:	e59f3170 	ldr	r3, [pc, #368]	; c100fd8 <install_dummy_isr+0x19c>
 c100e64:	e59f2170 	ldr	r2, [pc, #368]	; c100fdc <install_dummy_isr+0x1a0>
 c100e68:	e5832000 	str	r2, [r3]
	pISR_IRQ	  = (uint32) isr_IRQ_dummy;
 c100e6c:	e59f316c 	ldr	r3, [pc, #364]	; c100fe0 <install_dummy_isr+0x1a4>
 c100e70:	e59f216c 	ldr	r2, [pc, #364]	; c100fe4 <install_dummy_isr+0x1a8>
 c100e74:	e5832000 	str	r2, [r3]
	pISR_FIQ 	  = (uint32) isr_FIQ_dummy;
 c100e78:	e59f3168 	ldr	r3, [pc, #360]	; c100fe8 <install_dummy_isr+0x1ac>
 c100e7c:	e59f2168 	ldr	r2, [pc, #360]	; c100fec <install_dummy_isr+0x1b0>
 c100e80:	e5832000 	str	r2, [r3]
	pISR_ADC	  = (uint32) isr_ADC_dummy;
 c100e84:	e59f3164 	ldr	r3, [pc, #356]	; c100ff0 <install_dummy_isr+0x1b4>
 c100e88:	e59f2164 	ldr	r2, [pc, #356]	; c100ff4 <install_dummy_isr+0x1b8>
 c100e8c:	e5832000 	str	r2, [r3]
	pISR_RTC 	  = (uint32) isr_RTC_dummy;
 c100e90:	e59f3160 	ldr	r3, [pc, #352]	; c100ff8 <install_dummy_isr+0x1bc>
 c100e94:	e59f2160 	ldr	r2, [pc, #352]	; c100ffc <install_dummy_isr+0x1c0>
 c100e98:	e5832000 	str	r2, [r3]
	pISR_UTXD1 	  = (uint32) isr_UTXD1_dummy;
 c100e9c:	e59f315c 	ldr	r3, [pc, #348]	; c101000 <install_dummy_isr+0x1c4>
 c100ea0:	e59f215c 	ldr	r2, [pc, #348]	; c101004 <install_dummy_isr+0x1c8>
 c100ea4:	e5832000 	str	r2, [r3]
	pISR_UTXD0 	  = (uint32) isr_UTXD0_dummy;
 c100ea8:	e59f3158 	ldr	r3, [pc, #344]	; c101008 <install_dummy_isr+0x1cc>
 c100eac:	e59f2158 	ldr	r2, [pc, #344]	; c10100c <install_dummy_isr+0x1d0>
 c100eb0:	e5832000 	str	r2, [r3]
	pISR_SIO 	  = (uint32) isr_SIO_dummy;
 c100eb4:	e59f3154 	ldr	r3, [pc, #340]	; c101010 <install_dummy_isr+0x1d4>
 c100eb8:	e59f2154 	ldr	r2, [pc, #340]	; c101014 <install_dummy_isr+0x1d8>
 c100ebc:	e5832000 	str	r2, [r3]
	pISR_IIC 	  = (uint32) isr_IIC_dummy;
 c100ec0:	e59f3150 	ldr	r3, [pc, #336]	; c101018 <install_dummy_isr+0x1dc>
 c100ec4:	e59f2150 	ldr	r2, [pc, #336]	; c10101c <install_dummy_isr+0x1e0>
 c100ec8:	e5832000 	str	r2, [r3]
	pISR_URXD1 	  = (uint32) isr_URXD1_dummy;
 c100ecc:	e59f314c 	ldr	r3, [pc, #332]	; c101020 <install_dummy_isr+0x1e4>
 c100ed0:	e59f214c 	ldr	r2, [pc, #332]	; c101024 <install_dummy_isr+0x1e8>
 c100ed4:	e5832000 	str	r2, [r3]
	pISR_URXD0 	  = (uint32) isr_URXD0_dummy;
 c100ed8:	e59f3148 	ldr	r3, [pc, #328]	; c101028 <install_dummy_isr+0x1ec>
 c100edc:	e59f2148 	ldr	r2, [pc, #328]	; c10102c <install_dummy_isr+0x1f0>
 c100ee0:	e5832000 	str	r2, [r3]
	pISR_TIMER5   = (uint32) isr_TIMER5_dummy;
 c100ee4:	e59f3144 	ldr	r3, [pc, #324]	; c101030 <install_dummy_isr+0x1f4>
 c100ee8:	e59f2144 	ldr	r2, [pc, #324]	; c101034 <install_dummy_isr+0x1f8>
 c100eec:	e5832000 	str	r2, [r3]
	pISR_TIMER4   = (uint32) isr_TIMER4_dummy;
 c100ef0:	e59f3140 	ldr	r3, [pc, #320]	; c101038 <install_dummy_isr+0x1fc>
 c100ef4:	e59f2140 	ldr	r2, [pc, #320]	; c10103c <install_dummy_isr+0x200>
 c100ef8:	e5832000 	str	r2, [r3]
	pISR_TIMER3   = (uint32) isr_TIMER3_dummy;
 c100efc:	e59f313c 	ldr	r3, [pc, #316]	; c101040 <install_dummy_isr+0x204>
 c100f00:	e59f213c 	ldr	r2, [pc, #316]	; c101044 <install_dummy_isr+0x208>
 c100f04:	e5832000 	str	r2, [r3]
	pISR_TIMER2   = (uint32) isr_TIMER2_dummy;
 c100f08:	e59f3138 	ldr	r3, [pc, #312]	; c101048 <install_dummy_isr+0x20c>
 c100f0c:	e59f2138 	ldr	r2, [pc, #312]	; c10104c <install_dummy_isr+0x210>
 c100f10:	e5832000 	str	r2, [r3]
	pISR_TIMER1   = (uint32) isr_TIMER1_dummy;
 c100f14:	e59f3134 	ldr	r3, [pc, #308]	; c101050 <install_dummy_isr+0x214>
 c100f18:	e59f2134 	ldr	r2, [pc, #308]	; c101054 <install_dummy_isr+0x218>
 c100f1c:	e5832000 	str	r2, [r3]
	pISR_TIMER0   = (uint32) isr_TIMER0_dummy;
 c100f20:	e59f3130 	ldr	r3, [pc, #304]	; c101058 <install_dummy_isr+0x21c>
 c100f24:	e59f2130 	ldr	r2, [pc, #304]	; c10105c <install_dummy_isr+0x220>
 c100f28:	e5832000 	str	r2, [r3]
	pISR_UERR01	  = (uint32) isr_UERR01_dummy;
 c100f2c:	e59f312c 	ldr	r3, [pc, #300]	; c101060 <install_dummy_isr+0x224>
 c100f30:	e59f212c 	ldr	r2, [pc, #300]	; c101064 <install_dummy_isr+0x228>
 c100f34:	e5832000 	str	r2, [r3]
	pISR_WDT 	  = (uint32) isr_WDT_dummy;
 c100f38:	e59f3128 	ldr	r3, [pc, #296]	; c101068 <install_dummy_isr+0x22c>
 c100f3c:	e59f2128 	ldr	r2, [pc, #296]	; c10106c <install_dummy_isr+0x230>
 c100f40:	e5832000 	str	r2, [r3]
	pISR_BDMA1 	  = (uint32) isr_BDMA1_dummy;
 c100f44:	e59f3124 	ldr	r3, [pc, #292]	; c101070 <install_dummy_isr+0x234>
 c100f48:	e59f2124 	ldr	r2, [pc, #292]	; c101074 <install_dummy_isr+0x238>
 c100f4c:	e5832000 	str	r2, [r3]
	pISR_BDMA0 	  = (uint32) isr_BDMA0_dummy;
 c100f50:	e59f3120 	ldr	r3, [pc, #288]	; c101078 <install_dummy_isr+0x23c>
 c100f54:	e59f2120 	ldr	r2, [pc, #288]	; c10107c <install_dummy_isr+0x240>
 c100f58:	e5832000 	str	r2, [r3]
	pISR_ZDMA1 	  = (uint32) isr_ZDMA1_dummy;
 c100f5c:	e59f311c 	ldr	r3, [pc, #284]	; c101080 <install_dummy_isr+0x244>
 c100f60:	e59f211c 	ldr	r2, [pc, #284]	; c101084 <install_dummy_isr+0x248>
 c100f64:	e5832000 	str	r2, [r3]
	pISR_ZDMA0	  = (uint32) isr_ZDMA0_dummy;
 c100f68:	e59f3118 	ldr	r3, [pc, #280]	; c101088 <install_dummy_isr+0x24c>
 c100f6c:	e59f2118 	ldr	r2, [pc, #280]	; c10108c <install_dummy_isr+0x250>
 c100f70:	e5832000 	str	r2, [r3]
    pISR_TICK 	  = (uint32) isr_TICK_dummy;
 c100f74:	e59f3114 	ldr	r3, [pc, #276]	; c101090 <install_dummy_isr+0x254>
 c100f78:	e59f2114 	ldr	r2, [pc, #276]	; c101094 <install_dummy_isr+0x258>
 c100f7c:	e5832000 	str	r2, [r3]
	pISR_PB 	  = (uint32) isr_PB_dummy;
 c100f80:	e59f3110 	ldr	r3, [pc, #272]	; c101098 <install_dummy_isr+0x25c>
 c100f84:	e59f2110 	ldr	r2, [pc, #272]	; c10109c <install_dummy_isr+0x260>
 c100f88:	e5832000 	str	r2, [r3]
	pISR_ETHERNET = (uint32) isr_ETHERNET_dummy;
 c100f8c:	e59f310c 	ldr	r3, [pc, #268]	; c1010a0 <install_dummy_isr+0x264>
 c100f90:	e59f210c 	ldr	r2, [pc, #268]	; c1010a4 <install_dummy_isr+0x268>
 c100f94:	e5832000 	str	r2, [r3]
	pISR_TS	 	  = (uint32) isr_TS_dummy;
 c100f98:	e59f3108 	ldr	r3, [pc, #264]	; c1010a8 <install_dummy_isr+0x26c>
 c100f9c:	e59f2108 	ldr	r2, [pc, #264]	; c1010ac <install_dummy_isr+0x270>
 c100fa0:	e5832000 	str	r2, [r3]
	pISR_KEYPAD   = (uint32) isr_KEYPAD_dummy;
 c100fa4:	e59f3104 	ldr	r3, [pc, #260]	; c1010b0 <install_dummy_isr+0x274>
 c100fa8:	e59f2104 	ldr	r2, [pc, #260]	; c1010b4 <install_dummy_isr+0x278>
 c100fac:	e5832000 	str	r2, [r3]
	pISR_USB      = (uint32) isr_USB_dummy;
 c100fb0:	e59f3100 	ldr	r3, [pc, #256]	; c1010b8 <install_dummy_isr+0x27c>
 c100fb4:	e59f2100 	ldr	r2, [pc, #256]	; c1010bc <install_dummy_isr+0x280>
 c100fb8:	e5832000 	str	r2, [r3]
}        
 c100fbc:	e24bd00c 	sub	sp, fp, #12
 c100fc0:	e89d6800 	ldm	sp, {fp, sp, lr}
 c100fc4:	e12fff1e 	bx	lr
 c100fc8:	0c7fff08 	.word	0x0c7fff08
 c100fcc:	0c1010c0 	.word	0x0c1010c0
 c100fd0:	0c7fff0c 	.word	0x0c7fff0c
 c100fd4:	0c101170 	.word	0x0c101170
 c100fd8:	0c7fff10 	.word	0x0c7fff10
 c100fdc:	0c10119c 	.word	0x0c10119c
 c100fe0:	0c7fff18 	.word	0x0c7fff18
 c100fe4:	0c101118 	.word	0x0c101118
 c100fe8:	0c7fff1c 	.word	0x0c7fff1c
 c100fec:	0c101144 	.word	0x0c101144
 c100ff0:	0c7fff20 	.word	0x0c7fff20
 c100ff4:	0c1011c8 	.word	0x0c1011c8
 c100ff8:	0c7fff24 	.word	0x0c7fff24
 c100ffc:	0c1011f4 	.word	0x0c1011f4
 c101000:	0c7fff28 	.word	0x0c7fff28
 c101004:	0c101220 	.word	0x0c101220
 c101008:	0c7fff2c 	.word	0x0c7fff2c
 c10100c:	0c10124c 	.word	0x0c10124c
 c101010:	0c7fff30 	.word	0x0c7fff30
 c101014:	0c101278 	.word	0x0c101278
 c101018:	0c7fff34 	.word	0x0c7fff34
 c10101c:	0c1012a4 	.word	0x0c1012a4
 c101020:	0c7fff38 	.word	0x0c7fff38
 c101024:	0c1012d0 	.word	0x0c1012d0
 c101028:	0c7fff3c 	.word	0x0c7fff3c
 c10102c:	0c1012fc 	.word	0x0c1012fc
 c101030:	0c7fff40 	.word	0x0c7fff40
 c101034:	0c101328 	.word	0x0c101328
 c101038:	0c7fff44 	.word	0x0c7fff44
 c10103c:	0c101354 	.word	0x0c101354
 c101040:	0c7fff48 	.word	0x0c7fff48
 c101044:	0c101380 	.word	0x0c101380
 c101048:	0c7fff4c 	.word	0x0c7fff4c
 c10104c:	0c1013ac 	.word	0x0c1013ac
 c101050:	0c7fff50 	.word	0x0c7fff50
 c101054:	0c1013d8 	.word	0x0c1013d8
 c101058:	0c7fff54 	.word	0x0c7fff54
 c10105c:	0c101404 	.word	0x0c101404
 c101060:	0c7fff58 	.word	0x0c7fff58
 c101064:	0c101430 	.word	0x0c101430
 c101068:	0c7fff5c 	.word	0x0c7fff5c
 c10106c:	0c10145c 	.word	0x0c10145c
 c101070:	0c7fff60 	.word	0x0c7fff60
 c101074:	0c101488 	.word	0x0c101488
 c101078:	0c7fff64 	.word	0x0c7fff64
 c10107c:	0c1014b4 	.word	0x0c1014b4
 c101080:	0c7fff68 	.word	0x0c7fff68
 c101084:	0c1014e0 	.word	0x0c1014e0
 c101088:	0c7fff6c 	.word	0x0c7fff6c
 c10108c:	0c10150c 	.word	0x0c10150c
 c101090:	0c7fff70 	.word	0x0c7fff70
 c101094:	0c101538 	.word	0x0c101538
 c101098:	0c7fff74 	.word	0x0c7fff74
 c10109c:	0c101564 	.word	0x0c101564
 c1010a0:	0c7fff78 	.word	0x0c7fff78
 c1010a4:	0c101590 	.word	0x0c101590
 c1010a8:	0c7fff7c 	.word	0x0c7fff7c
 c1010ac:	0c1015bc 	.word	0x0c1015bc
 c1010b0:	0c7fff80 	.word	0x0c7fff80
 c1010b4:	0c1015e8 	.word	0x0c1015e8
 c1010b8:	0c7fff84 	.word	0x0c7fff84
 c1010bc:	0c101614 	.word	0x0c101614

0c1010c0 <isr_SWI_dummy>:

void isr_SWI_dummy( void )
{
 c1010c0:	e52dc004 	push	{ip}		; (str ip, [sp, #-4]!)
 c1010c4:	e1a0c00d 	mov	ip, sp
 c1010c8:	e92dd80f 	push	{r0, r1, r2, r3, fp, ip, lr, pc}
 c1010cc:	e24cb004 	sub	fp, ip, #4
	uart0_puts( "\n\n*** ERROR FATAL: ejecutando isr_SWI_dummy" );
 c1010d0:	e59f0010 	ldr	r0, [pc, #16]	; c1010e8 <isr_SWI_dummy+0x28>
 c1010d4:	eb0001ad 	bl	c101790 <uart0_puts>
	SEGS = 0x75;
 c1010d8:	e3a03785 	mov	r3, #34865152	; 0x2140000
 c1010dc:	e3a02075 	mov	r2, #117	; 0x75
 c1010e0:	e5c32000 	strb	r2, [r3]
	while( 1 );
 c1010e4:	eafffffe 	b	c1010e4 <isr_SWI_dummy+0x24>
 c1010e8:	0c101ce0 	.word	0x0c101ce0

0c1010ec <isr_UNDEF_dummy>:
}

void isr_UNDEF_dummy( void )
{
 c1010ec:	e52dc004 	push	{ip}		; (str ip, [sp, #-4]!)
 c1010f0:	e1a0c00d 	mov	ip, sp
 c1010f4:	e92dd80f 	push	{r0, r1, r2, r3, fp, ip, lr, pc}
 c1010f8:	e24cb004 	sub	fp, ip, #4
	uart0_puts( "\n\n*** ERROR FATAL: ejecutando isr_UNDEF_dummy" );
 c1010fc:	e59f0010 	ldr	r0, [pc, #16]	; c101114 <isr_UNDEF_dummy+0x28>
 c101100:	eb0001a2 	bl	c101790 <uart0_puts>
	SEGS = 0x75;
 c101104:	e3a03785 	mov	r3, #34865152	; 0x2140000
 c101108:	e3a02075 	mov	r2, #117	; 0x75
 c10110c:	e5c32000 	strb	r2, [r3]
	while( 1 );
 c101110:	eafffffe 	b	c101110 <isr_UNDEF_dummy+0x24>
 c101114:	0c101d0c 	.word	0x0c101d0c

0c101118 <isr_IRQ_dummy>:
}

void isr_IRQ_dummy( void )
{
 c101118:	e52dc004 	push	{ip}		; (str ip, [sp, #-4]!)
 c10111c:	e1a0c00d 	mov	ip, sp
 c101120:	e92dd80f 	push	{r0, r1, r2, r3, fp, ip, lr, pc}
 c101124:	e24cb004 	sub	fp, ip, #4
	uart0_puts( "\n\n*** ERROR FATAL: ejecutando isr_IRQ_dummy" );
 c101128:	e59f0010 	ldr	r0, [pc, #16]	; c101140 <isr_IRQ_dummy+0x28>
 c10112c:	eb000197 	bl	c101790 <uart0_puts>
	SEGS = 0x75;
 c101130:	e3a03785 	mov	r3, #34865152	; 0x2140000
 c101134:	e3a02075 	mov	r2, #117	; 0x75
 c101138:	e5c32000 	strb	r2, [r3]
	while( 1 );
 c10113c:	eafffffe 	b	c10113c <isr_IRQ_dummy+0x24>
 c101140:	0c101d3c 	.word	0x0c101d3c

0c101144 <isr_FIQ_dummy>:
}

void isr_FIQ_dummy( void )
{
 c101144:	e52dc004 	push	{ip}		; (str ip, [sp, #-4]!)
 c101148:	e1a0c00d 	mov	ip, sp
 c10114c:	e92dd80f 	push	{r0, r1, r2, r3, fp, ip, lr, pc}
 c101150:	e24cb004 	sub	fp, ip, #4
	uart0_puts( "\n\n*** ERROR FATAL: ejecutando isr_FIQ_dummy" );
 c101154:	e59f0010 	ldr	r0, [pc, #16]	; c10116c <isr_FIQ_dummy+0x28>
 c101158:	eb00018c 	bl	c101790 <uart0_puts>
	SEGS = 0x75;
 c10115c:	e3a03785 	mov	r3, #34865152	; 0x2140000
 c101160:	e3a02075 	mov	r2, #117	; 0x75
 c101164:	e5c32000 	strb	r2, [r3]
	while( 1 );
 c101168:	eafffffe 	b	c101168 <isr_FIQ_dummy+0x24>
 c10116c:	0c101d68 	.word	0x0c101d68

0c101170 <isr_PABORT_dummy>:
}

void isr_PABORT_dummy( void )
{
 c101170:	e52dc004 	push	{ip}		; (str ip, [sp, #-4]!)
 c101174:	e1a0c00d 	mov	ip, sp
 c101178:	e92dd80f 	push	{r0, r1, r2, r3, fp, ip, lr, pc}
 c10117c:	e24cb004 	sub	fp, ip, #4
	uart0_puts( "\n\n*** ERROR FATAL: ejecutando isr_PABORT_dummy" );
 c101180:	e59f0010 	ldr	r0, [pc, #16]	; c101198 <isr_PABORT_dummy+0x28>
 c101184:	eb000181 	bl	c101790 <uart0_puts>
	SEGS = 0x75;
 c101188:	e3a03785 	mov	r3, #34865152	; 0x2140000
 c10118c:	e3a02075 	mov	r2, #117	; 0x75
 c101190:	e5c32000 	strb	r2, [r3]
	while( 1 );
 c101194:	eafffffe 	b	c101194 <isr_PABORT_dummy+0x24>
 c101198:	0c101d94 	.word	0x0c101d94

0c10119c <isr_DABORT_dummy>:
}

void isr_DABORT_dummy( void )
{
 c10119c:	e52dc004 	push	{ip}		; (str ip, [sp, #-4]!)
 c1011a0:	e1a0c00d 	mov	ip, sp
 c1011a4:	e92dd80f 	push	{r0, r1, r2, r3, fp, ip, lr, pc}
 c1011a8:	e24cb004 	sub	fp, ip, #4
	uart0_puts( "\n\n*** ERROR FATAL: ejecutando isr_DABORT_dummy" );
 c1011ac:	e59f0010 	ldr	r0, [pc, #16]	; c1011c4 <isr_DABORT_dummy+0x28>
 c1011b0:	eb000176 	bl	c101790 <uart0_puts>
	SEGS = 0x75;
 c1011b4:	e3a03785 	mov	r3, #34865152	; 0x2140000
 c1011b8:	e3a02075 	mov	r2, #117	; 0x75
 c1011bc:	e5c32000 	strb	r2, [r3]
	while( 1 );
 c1011c0:	eafffffe 	b	c1011c0 <isr_DABORT_dummy+0x24>
 c1011c4:	0c101dc4 	.word	0x0c101dc4

0c1011c8 <isr_ADC_dummy>:
}

void isr_ADC_dummy( void )
{
 c1011c8:	e52dc004 	push	{ip}		; (str ip, [sp, #-4]!)
 c1011cc:	e1a0c00d 	mov	ip, sp
 c1011d0:	e92dd80f 	push	{r0, r1, r2, r3, fp, ip, lr, pc}
 c1011d4:	e24cb004 	sub	fp, ip, #4
	uart0_puts( "\n\n*** ERROR FATAL: ejecutando isr_ADC_dummy" );
 c1011d8:	e59f0010 	ldr	r0, [pc, #16]	; c1011f0 <isr_ADC_dummy+0x28>
 c1011dc:	eb00016b 	bl	c101790 <uart0_puts>
	SEGS = 0x75;
 c1011e0:	e3a03785 	mov	r3, #34865152	; 0x2140000
 c1011e4:	e3a02075 	mov	r2, #117	; 0x75
 c1011e8:	e5c32000 	strb	r2, [r3]
	while( 1 );
 c1011ec:	eafffffe 	b	c1011ec <isr_ADC_dummy+0x24>
 c1011f0:	0c101df4 	.word	0x0c101df4

0c1011f4 <isr_RTC_dummy>:
}

void isr_RTC_dummy( void )
{
 c1011f4:	e52dc004 	push	{ip}		; (str ip, [sp, #-4]!)
 c1011f8:	e1a0c00d 	mov	ip, sp
 c1011fc:	e92dd80f 	push	{r0, r1, r2, r3, fp, ip, lr, pc}
 c101200:	e24cb004 	sub	fp, ip, #4
	uart0_puts( "\n\n*** ERROR FATAL: ejecutando isr_RTC_dummy" );
 c101204:	e59f0010 	ldr	r0, [pc, #16]	; c10121c <isr_RTC_dummy+0x28>
 c101208:	eb000160 	bl	c101790 <uart0_puts>
	SEGS = 0x75;
 c10120c:	e3a03785 	mov	r3, #34865152	; 0x2140000
 c101210:	e3a02075 	mov	r2, #117	; 0x75
 c101214:	e5c32000 	strb	r2, [r3]
	while( 1 );
 c101218:	eafffffe 	b	c101218 <isr_RTC_dummy+0x24>
 c10121c:	0c101e20 	.word	0x0c101e20

0c101220 <isr_UTXD1_dummy>:
}

void isr_UTXD1_dummy( void )
{
 c101220:	e52dc004 	push	{ip}		; (str ip, [sp, #-4]!)
 c101224:	e1a0c00d 	mov	ip, sp
 c101228:	e92dd80f 	push	{r0, r1, r2, r3, fp, ip, lr, pc}
 c10122c:	e24cb004 	sub	fp, ip, #4
	uart0_puts( "\n\n*** ERROR FATAL: ejecutando isr_UTXD1_dummy" );
 c101230:	e59f0010 	ldr	r0, [pc, #16]	; c101248 <isr_UTXD1_dummy+0x28>
 c101234:	eb000155 	bl	c101790 <uart0_puts>
	SEGS = 0x75;
 c101238:	e3a03785 	mov	r3, #34865152	; 0x2140000
 c10123c:	e3a02075 	mov	r2, #117	; 0x75
 c101240:	e5c32000 	strb	r2, [r3]
	while( 1 );
 c101244:	eafffffe 	b	c101244 <isr_UTXD1_dummy+0x24>
 c101248:	0c101e4c 	.word	0x0c101e4c

0c10124c <isr_UTXD0_dummy>:
}

void isr_UTXD0_dummy( void )
{
 c10124c:	e52dc004 	push	{ip}		; (str ip, [sp, #-4]!)
 c101250:	e1a0c00d 	mov	ip, sp
 c101254:	e92dd80f 	push	{r0, r1, r2, r3, fp, ip, lr, pc}
 c101258:	e24cb004 	sub	fp, ip, #4
	uart0_puts( "\n\n*** ERROR FATAL: ejecutando isr_UTXD0_dummy" );
 c10125c:	e59f0010 	ldr	r0, [pc, #16]	; c101274 <isr_UTXD0_dummy+0x28>
 c101260:	eb00014a 	bl	c101790 <uart0_puts>
	SEGS = 0x75;
 c101264:	e3a03785 	mov	r3, #34865152	; 0x2140000
 c101268:	e3a02075 	mov	r2, #117	; 0x75
 c10126c:	e5c32000 	strb	r2, [r3]
	while( 1 );
 c101270:	eafffffe 	b	c101270 <isr_UTXD0_dummy+0x24>
 c101274:	0c101e7c 	.word	0x0c101e7c

0c101278 <isr_SIO_dummy>:
}

void isr_SIO_dummy( void )
{
 c101278:	e52dc004 	push	{ip}		; (str ip, [sp, #-4]!)
 c10127c:	e1a0c00d 	mov	ip, sp
 c101280:	e92dd80f 	push	{r0, r1, r2, r3, fp, ip, lr, pc}
 c101284:	e24cb004 	sub	fp, ip, #4
	uart0_puts( "\n\n*** ERROR FATAL: ejecutando isr_SIO_dummy" );
 c101288:	e59f0010 	ldr	r0, [pc, #16]	; c1012a0 <isr_SIO_dummy+0x28>
 c10128c:	eb00013f 	bl	c101790 <uart0_puts>
	SEGS = 0x75;
 c101290:	e3a03785 	mov	r3, #34865152	; 0x2140000
 c101294:	e3a02075 	mov	r2, #117	; 0x75
 c101298:	e5c32000 	strb	r2, [r3]
	while( 1 );
 c10129c:	eafffffe 	b	c10129c <isr_SIO_dummy+0x24>
 c1012a0:	0c101eac 	.word	0x0c101eac

0c1012a4 <isr_IIC_dummy>:
}

void isr_IIC_dummy( void )
{
 c1012a4:	e52dc004 	push	{ip}		; (str ip, [sp, #-4]!)
 c1012a8:	e1a0c00d 	mov	ip, sp
 c1012ac:	e92dd80f 	push	{r0, r1, r2, r3, fp, ip, lr, pc}
 c1012b0:	e24cb004 	sub	fp, ip, #4
	uart0_puts( "\n\n*** ERROR FATAL: ejecutando isr_IIC_dummy" );
 c1012b4:	e59f0010 	ldr	r0, [pc, #16]	; c1012cc <isr_IIC_dummy+0x28>
 c1012b8:	eb000134 	bl	c101790 <uart0_puts>
	SEGS = 0x75;
 c1012bc:	e3a03785 	mov	r3, #34865152	; 0x2140000
 c1012c0:	e3a02075 	mov	r2, #117	; 0x75
 c1012c4:	e5c32000 	strb	r2, [r3]
	while( 1 );
 c1012c8:	eafffffe 	b	c1012c8 <isr_IIC_dummy+0x24>
 c1012cc:	0c101ed8 	.word	0x0c101ed8

0c1012d0 <isr_URXD1_dummy>:
}

void isr_URXD1_dummy( void )
{
 c1012d0:	e52dc004 	push	{ip}		; (str ip, [sp, #-4]!)
 c1012d4:	e1a0c00d 	mov	ip, sp
 c1012d8:	e92dd80f 	push	{r0, r1, r2, r3, fp, ip, lr, pc}
 c1012dc:	e24cb004 	sub	fp, ip, #4
	uart0_puts( "\n\n*** ERROR FATAL: ejecutando isr_URXD1_dummy" );
 c1012e0:	e59f0010 	ldr	r0, [pc, #16]	; c1012f8 <isr_URXD1_dummy+0x28>
 c1012e4:	eb000129 	bl	c101790 <uart0_puts>
	SEGS = 0x75;
 c1012e8:	e3a03785 	mov	r3, #34865152	; 0x2140000
 c1012ec:	e3a02075 	mov	r2, #117	; 0x75
 c1012f0:	e5c32000 	strb	r2, [r3]
	while( 1 );
 c1012f4:	eafffffe 	b	c1012f4 <isr_URXD1_dummy+0x24>
 c1012f8:	0c101f04 	.word	0x0c101f04

0c1012fc <isr_URXD0_dummy>:
}

void isr_URXD0_dummy( void )
{
 c1012fc:	e52dc004 	push	{ip}		; (str ip, [sp, #-4]!)
 c101300:	e1a0c00d 	mov	ip, sp
 c101304:	e92dd80f 	push	{r0, r1, r2, r3, fp, ip, lr, pc}
 c101308:	e24cb004 	sub	fp, ip, #4
	uart0_puts( "\n\n*** ERROR FATAL: ejecutando isr_URXD0_dummy" );
 c10130c:	e59f0010 	ldr	r0, [pc, #16]	; c101324 <isr_URXD0_dummy+0x28>
 c101310:	eb00011e 	bl	c101790 <uart0_puts>
	SEGS = 0x75;
 c101314:	e3a03785 	mov	r3, #34865152	; 0x2140000
 c101318:	e3a02075 	mov	r2, #117	; 0x75
 c10131c:	e5c32000 	strb	r2, [r3]
	while( 1 );
 c101320:	eafffffe 	b	c101320 <isr_URXD0_dummy+0x24>
 c101324:	0c101f34 	.word	0x0c101f34

0c101328 <isr_TIMER5_dummy>:
}

void isr_TIMER5_dummy( void )
{
 c101328:	e52dc004 	push	{ip}		; (str ip, [sp, #-4]!)
 c10132c:	e1a0c00d 	mov	ip, sp
 c101330:	e92dd80f 	push	{r0, r1, r2, r3, fp, ip, lr, pc}
 c101334:	e24cb004 	sub	fp, ip, #4
	uart0_puts( "\n\n*** ERROR FATAL: ejecutando isr_TIMER5_dummy" );
 c101338:	e59f0010 	ldr	r0, [pc, #16]	; c101350 <isr_TIMER5_dummy+0x28>
 c10133c:	eb000113 	bl	c101790 <uart0_puts>
	SEGS = 0x75;
 c101340:	e3a03785 	mov	r3, #34865152	; 0x2140000
 c101344:	e3a02075 	mov	r2, #117	; 0x75
 c101348:	e5c32000 	strb	r2, [r3]
	while( 1 );
 c10134c:	eafffffe 	b	c10134c <isr_TIMER5_dummy+0x24>
 c101350:	0c101f64 	.word	0x0c101f64

0c101354 <isr_TIMER4_dummy>:
}

void isr_TIMER4_dummy( void )
{
 c101354:	e52dc004 	push	{ip}		; (str ip, [sp, #-4]!)
 c101358:	e1a0c00d 	mov	ip, sp
 c10135c:	e92dd80f 	push	{r0, r1, r2, r3, fp, ip, lr, pc}
 c101360:	e24cb004 	sub	fp, ip, #4
	uart0_puts( "\n\n*** ERROR FATAL: ejecutando isr_TIMER4_dummy" );
 c101364:	e59f0010 	ldr	r0, [pc, #16]	; c10137c <isr_TIMER4_dummy+0x28>
 c101368:	eb000108 	bl	c101790 <uart0_puts>
	SEGS = 0x75;
 c10136c:	e3a03785 	mov	r3, #34865152	; 0x2140000
 c101370:	e3a02075 	mov	r2, #117	; 0x75
 c101374:	e5c32000 	strb	r2, [r3]
	while( 1 );
 c101378:	eafffffe 	b	c101378 <isr_TIMER4_dummy+0x24>
 c10137c:	0c101f94 	.word	0x0c101f94

0c101380 <isr_TIMER3_dummy>:
}

void isr_TIMER3_dummy( void )
{
 c101380:	e52dc004 	push	{ip}		; (str ip, [sp, #-4]!)
 c101384:	e1a0c00d 	mov	ip, sp
 c101388:	e92dd80f 	push	{r0, r1, r2, r3, fp, ip, lr, pc}
 c10138c:	e24cb004 	sub	fp, ip, #4
	uart0_puts( "\n\n*** ERROR FATAL: ejecutando isr_TIMER3_dummy" );
 c101390:	e59f0010 	ldr	r0, [pc, #16]	; c1013a8 <isr_TIMER3_dummy+0x28>
 c101394:	eb0000fd 	bl	c101790 <uart0_puts>
	SEGS = 0x75;
 c101398:	e3a03785 	mov	r3, #34865152	; 0x2140000
 c10139c:	e3a02075 	mov	r2, #117	; 0x75
 c1013a0:	e5c32000 	strb	r2, [r3]
	while( 1 );
 c1013a4:	eafffffe 	b	c1013a4 <isr_TIMER3_dummy+0x24>
 c1013a8:	0c101fc4 	.word	0x0c101fc4

0c1013ac <isr_TIMER2_dummy>:
}

void isr_TIMER2_dummy( void )
{
 c1013ac:	e52dc004 	push	{ip}		; (str ip, [sp, #-4]!)
 c1013b0:	e1a0c00d 	mov	ip, sp
 c1013b4:	e92dd80f 	push	{r0, r1, r2, r3, fp, ip, lr, pc}
 c1013b8:	e24cb004 	sub	fp, ip, #4
	uart0_puts( "\n\n*** ERROR FATAL: ejecutando isr_TIMER2_dummy" );
 c1013bc:	e59f0010 	ldr	r0, [pc, #16]	; c1013d4 <isr_TIMER2_dummy+0x28>
 c1013c0:	eb0000f2 	bl	c101790 <uart0_puts>
	SEGS = 0x75;
 c1013c4:	e3a03785 	mov	r3, #34865152	; 0x2140000
 c1013c8:	e3a02075 	mov	r2, #117	; 0x75
 c1013cc:	e5c32000 	strb	r2, [r3]
	while( 1 );
 c1013d0:	eafffffe 	b	c1013d0 <isr_TIMER2_dummy+0x24>
 c1013d4:	0c101ff4 	.word	0x0c101ff4

0c1013d8 <isr_TIMER1_dummy>:
}

void isr_TIMER1_dummy( void )
{
 c1013d8:	e52dc004 	push	{ip}		; (str ip, [sp, #-4]!)
 c1013dc:	e1a0c00d 	mov	ip, sp
 c1013e0:	e92dd80f 	push	{r0, r1, r2, r3, fp, ip, lr, pc}
 c1013e4:	e24cb004 	sub	fp, ip, #4
	uart0_puts( "\n\n*** ERROR FATAL: ejecutando isr_TIMER1_dummy" );
 c1013e8:	e59f0010 	ldr	r0, [pc, #16]	; c101400 <isr_TIMER1_dummy+0x28>
 c1013ec:	eb0000e7 	bl	c101790 <uart0_puts>
	SEGS = 0x75;
 c1013f0:	e3a03785 	mov	r3, #34865152	; 0x2140000
 c1013f4:	e3a02075 	mov	r2, #117	; 0x75
 c1013f8:	e5c32000 	strb	r2, [r3]
	while( 1 );
 c1013fc:	eafffffe 	b	c1013fc <isr_TIMER1_dummy+0x24>
 c101400:	0c102024 	.word	0x0c102024

0c101404 <isr_TIMER0_dummy>:
}

void isr_TIMER0_dummy( void )
{
 c101404:	e52dc004 	push	{ip}		; (str ip, [sp, #-4]!)
 c101408:	e1a0c00d 	mov	ip, sp
 c10140c:	e92dd80f 	push	{r0, r1, r2, r3, fp, ip, lr, pc}
 c101410:	e24cb004 	sub	fp, ip, #4
	uart0_puts( "\n\n*** ERROR FATAL: ejecutando isr_TIMER0_dummy" );
 c101414:	e59f0010 	ldr	r0, [pc, #16]	; c10142c <isr_TIMER0_dummy+0x28>
 c101418:	eb0000dc 	bl	c101790 <uart0_puts>
	SEGS = 0x75;
 c10141c:	e3a03785 	mov	r3, #34865152	; 0x2140000
 c101420:	e3a02075 	mov	r2, #117	; 0x75
 c101424:	e5c32000 	strb	r2, [r3]
	while( 1 );
 c101428:	eafffffe 	b	c101428 <isr_TIMER0_dummy+0x24>
 c10142c:	0c102054 	.word	0x0c102054

0c101430 <isr_UERR01_dummy>:
}

void isr_UERR01_dummy( void )
{
 c101430:	e52dc004 	push	{ip}		; (str ip, [sp, #-4]!)
 c101434:	e1a0c00d 	mov	ip, sp
 c101438:	e92dd80f 	push	{r0, r1, r2, r3, fp, ip, lr, pc}
 c10143c:	e24cb004 	sub	fp, ip, #4
	uart0_puts( "\n\n*** ERROR FATAL: ejecutando isr_UERR01_dummy" );
 c101440:	e59f0010 	ldr	r0, [pc, #16]	; c101458 <isr_UERR01_dummy+0x28>
 c101444:	eb0000d1 	bl	c101790 <uart0_puts>
	SEGS = 0x75;
 c101448:	e3a03785 	mov	r3, #34865152	; 0x2140000
 c10144c:	e3a02075 	mov	r2, #117	; 0x75
 c101450:	e5c32000 	strb	r2, [r3]
	while( 1 );
 c101454:	eafffffe 	b	c101454 <isr_UERR01_dummy+0x24>
 c101458:	0c102084 	.word	0x0c102084

0c10145c <isr_WDT_dummy>:
}

void isr_WDT_dummy( void )
{
 c10145c:	e52dc004 	push	{ip}		; (str ip, [sp, #-4]!)
 c101460:	e1a0c00d 	mov	ip, sp
 c101464:	e92dd80f 	push	{r0, r1, r2, r3, fp, ip, lr, pc}
 c101468:	e24cb004 	sub	fp, ip, #4
	uart0_puts( "\n\n*** ERROR FATAL: ejecutando isr_WDT_dummy" );
 c10146c:	e59f0010 	ldr	r0, [pc, #16]	; c101484 <isr_WDT_dummy+0x28>
 c101470:	eb0000c6 	bl	c101790 <uart0_puts>
	SEGS = 0x75;
 c101474:	e3a03785 	mov	r3, #34865152	; 0x2140000
 c101478:	e3a02075 	mov	r2, #117	; 0x75
 c10147c:	e5c32000 	strb	r2, [r3]
	while( 1 );
 c101480:	eafffffe 	b	c101480 <isr_WDT_dummy+0x24>
 c101484:	0c1020b4 	.word	0x0c1020b4

0c101488 <isr_BDMA1_dummy>:
}

void isr_BDMA1_dummy( void )
{
 c101488:	e52dc004 	push	{ip}		; (str ip, [sp, #-4]!)
 c10148c:	e1a0c00d 	mov	ip, sp
 c101490:	e92dd80f 	push	{r0, r1, r2, r3, fp, ip, lr, pc}
 c101494:	e24cb004 	sub	fp, ip, #4
	uart0_puts( "\n\n*** ERROR FATAL: ejecutando isr_BDMA1_dummy" );
 c101498:	e59f0010 	ldr	r0, [pc, #16]	; c1014b0 <isr_BDMA1_dummy+0x28>
 c10149c:	eb0000bb 	bl	c101790 <uart0_puts>
	SEGS = 0x75;
 c1014a0:	e3a03785 	mov	r3, #34865152	; 0x2140000
 c1014a4:	e3a02075 	mov	r2, #117	; 0x75
 c1014a8:	e5c32000 	strb	r2, [r3]
	while( 1 );
 c1014ac:	eafffffe 	b	c1014ac <isr_BDMA1_dummy+0x24>
 c1014b0:	0c1020e0 	.word	0x0c1020e0

0c1014b4 <isr_BDMA0_dummy>:
}

void isr_BDMA0_dummy( void )
{
 c1014b4:	e52dc004 	push	{ip}		; (str ip, [sp, #-4]!)
 c1014b8:	e1a0c00d 	mov	ip, sp
 c1014bc:	e92dd80f 	push	{r0, r1, r2, r3, fp, ip, lr, pc}
 c1014c0:	e24cb004 	sub	fp, ip, #4
	uart0_puts( "\n\n*** ERROR FATAL: ejecutando isr_BDMA0_dummy" );
 c1014c4:	e59f0010 	ldr	r0, [pc, #16]	; c1014dc <isr_BDMA0_dummy+0x28>
 c1014c8:	eb0000b0 	bl	c101790 <uart0_puts>
	SEGS = 0x75;
 c1014cc:	e3a03785 	mov	r3, #34865152	; 0x2140000
 c1014d0:	e3a02075 	mov	r2, #117	; 0x75
 c1014d4:	e5c32000 	strb	r2, [r3]
	while( 1 );
 c1014d8:	eafffffe 	b	c1014d8 <isr_BDMA0_dummy+0x24>
 c1014dc:	0c102110 	.word	0x0c102110

0c1014e0 <isr_ZDMA1_dummy>:
}

void isr_ZDMA1_dummy( void )
{
 c1014e0:	e52dc004 	push	{ip}		; (str ip, [sp, #-4]!)
 c1014e4:	e1a0c00d 	mov	ip, sp
 c1014e8:	e92dd80f 	push	{r0, r1, r2, r3, fp, ip, lr, pc}
 c1014ec:	e24cb004 	sub	fp, ip, #4
	uart0_puts( "\n\n*** ERROR FATAL: ejecutando isr_ZDMA1_dummy" );
 c1014f0:	e59f0010 	ldr	r0, [pc, #16]	; c101508 <isr_ZDMA1_dummy+0x28>
 c1014f4:	eb0000a5 	bl	c101790 <uart0_puts>
	SEGS = 0x75;
 c1014f8:	e3a03785 	mov	r3, #34865152	; 0x2140000
 c1014fc:	e3a02075 	mov	r2, #117	; 0x75
 c101500:	e5c32000 	strb	r2, [r3]
	while( 1 );
 c101504:	eafffffe 	b	c101504 <isr_ZDMA1_dummy+0x24>
 c101508:	0c102140 	.word	0x0c102140

0c10150c <isr_ZDMA0_dummy>:
}

void isr_ZDMA0_dummy( void )
{
 c10150c:	e52dc004 	push	{ip}		; (str ip, [sp, #-4]!)
 c101510:	e1a0c00d 	mov	ip, sp
 c101514:	e92dd80f 	push	{r0, r1, r2, r3, fp, ip, lr, pc}
 c101518:	e24cb004 	sub	fp, ip, #4
	uart0_puts( "\n\n*** ERROR FATAL: ejecutando isr_ZDMA0_dummy" );
 c10151c:	e59f0010 	ldr	r0, [pc, #16]	; c101534 <isr_ZDMA0_dummy+0x28>
 c101520:	eb00009a 	bl	c101790 <uart0_puts>
	SEGS = 0x75;
 c101524:	e3a03785 	mov	r3, #34865152	; 0x2140000
 c101528:	e3a02075 	mov	r2, #117	; 0x75
 c10152c:	e5c32000 	strb	r2, [r3]
	while( 1 );
 c101530:	eafffffe 	b	c101530 <isr_ZDMA0_dummy+0x24>
 c101534:	0c102170 	.word	0x0c102170

0c101538 <isr_TICK_dummy>:
}

void isr_TICK_dummy( void )
{
 c101538:	e52dc004 	push	{ip}		; (str ip, [sp, #-4]!)
 c10153c:	e1a0c00d 	mov	ip, sp
 c101540:	e92dd80f 	push	{r0, r1, r2, r3, fp, ip, lr, pc}
 c101544:	e24cb004 	sub	fp, ip, #4
    uart0_puts( "\n\n*** ERROR FATAL: ejecutando isr_TICK_dummy" );
 c101548:	e59f0010 	ldr	r0, [pc, #16]	; c101560 <isr_TICK_dummy+0x28>
 c10154c:	eb00008f 	bl	c101790 <uart0_puts>
    SEGS = 0x75;
 c101550:	e3a03785 	mov	r3, #34865152	; 0x2140000
 c101554:	e3a02075 	mov	r2, #117	; 0x75
 c101558:	e5c32000 	strb	r2, [r3]
    while( 1 );
 c10155c:	eafffffe 	b	c10155c <isr_TICK_dummy+0x24>
 c101560:	0c1021a0 	.word	0x0c1021a0

0c101564 <isr_PB_dummy>:
}

void isr_PB_dummy( void )
{
 c101564:	e52dc004 	push	{ip}		; (str ip, [sp, #-4]!)
 c101568:	e1a0c00d 	mov	ip, sp
 c10156c:	e92dd80f 	push	{r0, r1, r2, r3, fp, ip, lr, pc}
 c101570:	e24cb004 	sub	fp, ip, #4
	uart0_puts( "\n\n*** ERROR FATAL: ejecutando isr_PB_dummy" );
 c101574:	e59f0010 	ldr	r0, [pc, #16]	; c10158c <isr_PB_dummy+0x28>
 c101578:	eb000084 	bl	c101790 <uart0_puts>
	SEGS = 0x75;
 c10157c:	e3a03785 	mov	r3, #34865152	; 0x2140000
 c101580:	e3a02075 	mov	r2, #117	; 0x75
 c101584:	e5c32000 	strb	r2, [r3]
	while( 1 );
 c101588:	eafffffe 	b	c101588 <isr_PB_dummy+0x24>
 c10158c:	0c1021d0 	.word	0x0c1021d0

0c101590 <isr_ETHERNET_dummy>:
}

void isr_ETHERNET_dummy( void )
{
 c101590:	e52dc004 	push	{ip}		; (str ip, [sp, #-4]!)
 c101594:	e1a0c00d 	mov	ip, sp
 c101598:	e92dd80f 	push	{r0, r1, r2, r3, fp, ip, lr, pc}
 c10159c:	e24cb004 	sub	fp, ip, #4
	uart0_puts( "\n\n*** ERROR FATAL: ejecutando isr_ETHERNET_dummy" );
 c1015a0:	e59f0010 	ldr	r0, [pc, #16]	; c1015b8 <isr_ETHERNET_dummy+0x28>
 c1015a4:	eb000079 	bl	c101790 <uart0_puts>
	SEGS = 0x75;
 c1015a8:	e3a03785 	mov	r3, #34865152	; 0x2140000
 c1015ac:	e3a02075 	mov	r2, #117	; 0x75
 c1015b0:	e5c32000 	strb	r2, [r3]
	while( 1 );
 c1015b4:	eafffffe 	b	c1015b4 <isr_ETHERNET_dummy+0x24>
 c1015b8:	0c1021fc 	.word	0x0c1021fc

0c1015bc <isr_TS_dummy>:
}

void isr_TS_dummy( void )
{
 c1015bc:	e52dc004 	push	{ip}		; (str ip, [sp, #-4]!)
 c1015c0:	e1a0c00d 	mov	ip, sp
 c1015c4:	e92dd80f 	push	{r0, r1, r2, r3, fp, ip, lr, pc}
 c1015c8:	e24cb004 	sub	fp, ip, #4
	uart0_puts( "\n\n*** ERROR FATAL: ejecutando isr_TS_dummy" );
 c1015cc:	e59f0010 	ldr	r0, [pc, #16]	; c1015e4 <isr_TS_dummy+0x28>
 c1015d0:	eb00006e 	bl	c101790 <uart0_puts>
	SEGS = 0x75;
 c1015d4:	e3a03785 	mov	r3, #34865152	; 0x2140000
 c1015d8:	e3a02075 	mov	r2, #117	; 0x75
 c1015dc:	e5c32000 	strb	r2, [r3]
	while( 1 );
 c1015e0:	eafffffe 	b	c1015e0 <isr_TS_dummy+0x24>
 c1015e4:	0c102230 	.word	0x0c102230

0c1015e8 <isr_KEYPAD_dummy>:
}

void isr_KEYPAD_dummy( void )
{
 c1015e8:	e52dc004 	push	{ip}		; (str ip, [sp, #-4]!)
 c1015ec:	e1a0c00d 	mov	ip, sp
 c1015f0:	e92dd80f 	push	{r0, r1, r2, r3, fp, ip, lr, pc}
 c1015f4:	e24cb004 	sub	fp, ip, #4
	uart0_puts( "\n\n*** ERROR FATAL: ejecutando isr_KEYPAD_dummy" );
 c1015f8:	e59f0010 	ldr	r0, [pc, #16]	; c101610 <isr_KEYPAD_dummy+0x28>
 c1015fc:	eb000063 	bl	c101790 <uart0_puts>
	SEGS = 0x75;
 c101600:	e3a03785 	mov	r3, #34865152	; 0x2140000
 c101604:	e3a02075 	mov	r2, #117	; 0x75
 c101608:	e5c32000 	strb	r2, [r3]
	while( 1 );
 c10160c:	eafffffe 	b	c10160c <isr_KEYPAD_dummy+0x24>
 c101610:	0c10225c 	.word	0x0c10225c

0c101614 <isr_USB_dummy>:
}

void isr_USB_dummy( void )
{
 c101614:	e52dc004 	push	{ip}		; (str ip, [sp, #-4]!)
 c101618:	e1a0c00d 	mov	ip, sp
 c10161c:	e92dd80f 	push	{r0, r1, r2, r3, fp, ip, lr, pc}
 c101620:	e24cb004 	sub	fp, ip, #4
	uart0_puts( "\n\n*** ERROR FATAL: ejecutando isr_USB_dummy" );
 c101624:	e59f0010 	ldr	r0, [pc, #16]	; c10163c <isr_USB_dummy+0x28>
 c101628:	eb000058 	bl	c101790 <uart0_puts>
	SEGS = 0x75;
 c10162c:	e3a03785 	mov	r3, #34865152	; 0x2140000
 c101630:	e3a02075 	mov	r2, #117	; 0x75
 c101634:	e5c32000 	strb	r2, [r3]
	while( 1 );
 c101638:	eafffffe 	b	c101638 <isr_USB_dummy+0x24>
 c10163c:	0c10228c 	.word	0x0c10228c

0c101640 <show_sys_info>:
}

static void show_sys_info( void )
{
 c101640:	e1a0c00d 	mov	ip, sp
 c101644:	e92dd800 	push	{fp, ip, lr, pc}
 c101648:	e24cb004 	sub	fp, ip, #4
    uart0_puts( "\n\n MENSAJE INFORMACIÓN SISTEMA" );
 c10164c:	e59f000c 	ldr	r0, [pc, #12]	; c101660 <show_sys_info+0x20>
 c101650:	eb00004e 	bl	c101790 <uart0_puts>
}
 c101654:	e24bd00c 	sub	sp, fp, #12
 c101658:	e89d6800 	ldm	sp, {fp, sp, lr}
 c10165c:	e12fff1e 	bx	lr
 c101660:	0c1022b8 	.word	0x0c1022b8

0c101664 <sleep>:

inline void sleep( void )
{
 c101664:	e1a0c00d 	mov	ip, sp
 c101668:	e92dd800 	push	{fp, ip, lr, pc}
 c10166c:	e24cb004 	sub	fp, ip, #4
    CLKCON |= (1 << 2);    // Pone a la CPU en estado IDLE
 c101670:	e59f3018 	ldr	r3, [pc, #24]	; c101690 <sleep+0x2c>
 c101674:	e59f2014 	ldr	r2, [pc, #20]	; c101690 <sleep+0x2c>
 c101678:	e5922000 	ldr	r2, [r2]
 c10167c:	e3822004 	orr	r2, r2, #4
 c101680:	e5832000 	str	r2, [r3]
}
 c101684:	e24bd00c 	sub	sp, fp, #12
 c101688:	e89d6800 	ldm	sp, {fp, sp, lr}
 c10168c:	e12fff1e 	bx	lr
 c101690:	01d80004 	.word	0x01d80004

0c101694 <uart0_init>:
#include <s3c44b0x.h>
#include <uart.h>
#include <ctype.h>

void uart0_init( void )
{
 c101694:	e1a0c00d 	mov	ip, sp
 c101698:	e92dd800 	push	{fp, ip, lr, pc}
 c10169c:	e24cb004 	sub	fp, ip, #4
    UFCON0 = 0x1; // XXXX.X001
 c1016a0:	e59f3040 	ldr	r3, [pc, #64]	; c1016e8 <uart0_init+0x54>
 c1016a4:	e3a02001 	mov	r2, #1
 c1016a8:	e5832000 	str	r2, [r3]
    UMCON0 = 0X0; // 0000.000X
 c1016ac:	e59f3038 	ldr	r3, [pc, #56]	; c1016ec <uart0_init+0x58>
 c1016b0:	e3a02000 	mov	r2, #0
 c1016b4:	e5832000 	str	r2, [r3]
    ULCON0 = 0x3; // 0000.0011
 c1016b8:	e3a0361d 	mov	r3, #30408704	; 0x1d00000
 c1016bc:	e3a02003 	mov	r2, #3
 c1016c0:	e5832000 	str	r2, [r3]
    UBRDIV0 = 34; // 64MHz / (115200 * 16) - 1
 c1016c4:	e59f3024 	ldr	r3, [pc, #36]	; c1016f0 <uart0_init+0x5c>
 c1016c8:	e3a02022 	mov	r2, #34	; 0x22
 c1016cc:	e5832000 	str	r2, [r3]
    UCON0 = 0x5;  // XX.0000.0101
 c1016d0:	e59f301c 	ldr	r3, [pc, #28]	; c1016f4 <uart0_init+0x60>
 c1016d4:	e3a02005 	mov	r2, #5
 c1016d8:	e5832000 	str	r2, [r3]
}
 c1016dc:	e24bd00c 	sub	sp, fp, #12
 c1016e0:	e89d6800 	ldm	sp, {fp, sp, lr}
 c1016e4:	e12fff1e 	bx	lr
 c1016e8:	01d00008 	.word	0x01d00008
 c1016ec:	01d0000c 	.word	0x01d0000c
 c1016f0:	01d00028 	.word	0x01d00028
 c1016f4:	01d00004 	.word	0x01d00004

0c1016f8 <uart0_putchar>:

void uart0_putchar( char ch )
{
 c1016f8:	e1a0c00d 	mov	ip, sp
 c1016fc:	e92dd800 	push	{fp, ip, lr, pc}
 c101700:	e24cb004 	sub	fp, ip, #4
 c101704:	e24dd008 	sub	sp, sp, #8
 c101708:	e1a03000 	mov	r3, r0
 c10170c:	e54b300d 	strb	r3, [fp, #-13]
    while((UFSTAT0 & ( 1 << 9 )));
 c101710:	e1a00000 	nop			; (mov r0, r0)
 c101714:	e59f3024 	ldr	r3, [pc, #36]	; c101740 <uart0_putchar+0x48>
 c101718:	e5933000 	ldr	r3, [r3]
 c10171c:	e2033c02 	and	r3, r3, #512	; 0x200
 c101720:	e3530000 	cmp	r3, #0
 c101724:	1afffffa 	bne	c101714 <uart0_putchar+0x1c>
    UTXH0 = ch;
 c101728:	e59f3014 	ldr	r3, [pc, #20]	; c101744 <uart0_putchar+0x4c>
 c10172c:	e55b200d 	ldrb	r2, [fp, #-13]
 c101730:	e5832000 	str	r2, [r3]
}        
 c101734:	e24bd00c 	sub	sp, fp, #12
 c101738:	e89d6800 	ldm	sp, {fp, sp, lr}
 c10173c:	e12fff1e 	bx	lr
 c101740:	01d00018 	.word	0x01d00018
 c101744:	01d00020 	.word	0x01d00020

0c101748 <uart0_getchar>:

char uart0_getchar( void )
{
 c101748:	e1a0c00d 	mov	ip, sp
 c10174c:	e92dd800 	push	{fp, ip, lr, pc}
 c101750:	e24cb004 	sub	fp, ip, #4
    while(!(UFSTAT0 & 0xF));
 c101754:	e1a00000 	nop			; (mov r0, r0)
 c101758:	e59f3028 	ldr	r3, [pc, #40]	; c101788 <uart0_getchar+0x40>
 c10175c:	e5933000 	ldr	r3, [r3]
 c101760:	e203300f 	and	r3, r3, #15
 c101764:	e3530000 	cmp	r3, #0
 c101768:	0afffffa 	beq	c101758 <uart0_getchar+0x10>
    return URXH0;
 c10176c:	e59f3018 	ldr	r3, [pc, #24]	; c10178c <uart0_getchar+0x44>
 c101770:	e5933000 	ldr	r3, [r3]
 c101774:	e20330ff 	and	r3, r3, #255	; 0xff
}
 c101778:	e1a00003 	mov	r0, r3
 c10177c:	e24bd00c 	sub	sp, fp, #12
 c101780:	e89d6800 	ldm	sp, {fp, sp, lr}
 c101784:	e12fff1e 	bx	lr
 c101788:	01d00018 	.word	0x01d00018
 c10178c:	01d00024 	.word	0x01d00024

0c101790 <uart0_puts>:

void uart0_puts( char *s )
{
 c101790:	e1a0c00d 	mov	ip, sp
 c101794:	e92dd800 	push	{fp, ip, lr, pc}
 c101798:	e24cb004 	sub	fp, ip, #4
 c10179c:	e24dd008 	sub	sp, sp, #8
 c1017a0:	e50b0010 	str	r0, [fp, #-16]
    while (*s != '\0'){
 c1017a4:	ea000006 	b	c1017c4 <uart0_puts+0x34>
    	uart0_putchar(*s++);
 c1017a8:	e51b3010 	ldr	r3, [fp, #-16]
 c1017ac:	e5d33000 	ldrb	r3, [r3]
 c1017b0:	e51b2010 	ldr	r2, [fp, #-16]
 c1017b4:	e2822001 	add	r2, r2, #1
 c1017b8:	e50b2010 	str	r2, [fp, #-16]
 c1017bc:	e1a00003 	mov	r0, r3
 c1017c0:	ebffffcc 	bl	c1016f8 <uart0_putchar>
    return URXH0;
}

void uart0_puts( char *s )
{
    while (*s != '\0'){
 c1017c4:	e51b3010 	ldr	r3, [fp, #-16]
 c1017c8:	e5d33000 	ldrb	r3, [r3]
 c1017cc:	e3530000 	cmp	r3, #0
 c1017d0:	1afffff4 	bne	c1017a8 <uart0_puts+0x18>
    	uart0_putchar(*s++);
    }
}
 c1017d4:	e24bd00c 	sub	sp, fp, #12
 c1017d8:	e89d6800 	ldm	sp, {fp, sp, lr}
 c1017dc:	e12fff1e 	bx	lr

0c1017e0 <uart0_putint>:

void uart0_putint( int32 i )
{
 c1017e0:	e1a0c00d 	mov	ip, sp
 c1017e4:	e92dd800 	push	{fp, ip, lr, pc}
 c1017e8:	e24cb004 	sub	fp, ip, #4
 c1017ec:	e24dd018 	sub	sp, sp, #24
 c1017f0:	e50b0020 	str	r0, [fp, #-32]	; 0xffffffe0
	char buf[8 + 1];
	char *p = buf + 8;
 c1017f4:	e24b301c 	sub	r3, fp, #28
 c1017f8:	e2833008 	add	r3, r3, #8
 c1017fc:	e50b3010 	str	r3, [fp, #-16]
	int8 c;
	boolean negativo = FALSE;
 c101800:	e3a03000 	mov	r3, #0
 c101804:	e54b3011 	strb	r3, [fp, #-17]	; 0xffffffef

	*p = '\0';
 c101808:	e51b3010 	ldr	r3, [fp, #-16]
 c10180c:	e3a02000 	mov	r2, #0
 c101810:	e5c32000 	strb	r2, [r3]
	if(i < 0) {
 c101814:	e51b3020 	ldr	r3, [fp, #-32]	; 0xffffffe0
 c101818:	e3530000 	cmp	r3, #0
 c10181c:	aa000004 	bge	c101834 <uart0_putint+0x54>
		i *= -1;
 c101820:	e51b3020 	ldr	r3, [fp, #-32]	; 0xffffffe0
 c101824:	e2633000 	rsb	r3, r3, #0
 c101828:	e50b3020 	str	r3, [fp, #-32]	; 0xffffffe0
		negativo = TRUE;
 c10182c:	e3a03001 	mov	r3, #1
 c101830:	e54b3011 	strb	r3, [fp, #-17]	; 0xffffffef
	}

	do {
		c = i % 10;
 c101834:	e51b1020 	ldr	r1, [fp, #-32]	; 0xffffffe0
 c101838:	e59f30a8 	ldr	r3, [pc, #168]	; c1018e8 <uart0_putint+0x108>
 c10183c:	e0c32391 	smull	r2, r3, r1, r3
 c101840:	e1a02143 	asr	r2, r3, #2
 c101844:	e1a03fc1 	asr	r3, r1, #31
 c101848:	e0632002 	rsb	r2, r3, r2
 c10184c:	e1a03002 	mov	r3, r2
 c101850:	e1a03103 	lsl	r3, r3, #2
 c101854:	e0833002 	add	r3, r3, r2
 c101858:	e1a03083 	lsl	r3, r3, #1
 c10185c:	e0632001 	rsb	r2, r3, r1
 c101860:	e1a03002 	mov	r3, r2
 c101864:	e54b3012 	strb	r3, [fp, #-18]	; 0xffffffee
		*--p = '0' + c;
 c101868:	e51b3010 	ldr	r3, [fp, #-16]
 c10186c:	e2433001 	sub	r3, r3, #1
 c101870:	e50b3010 	str	r3, [fp, #-16]
 c101874:	e55b3012 	ldrb	r3, [fp, #-18]	; 0xffffffee
 c101878:	e2833030 	add	r3, r3, #48	; 0x30
 c10187c:	e20320ff 	and	r2, r3, #255	; 0xff
 c101880:	e51b3010 	ldr	r3, [fp, #-16]
 c101884:	e5c32000 	strb	r2, [r3]
		i /= 10;
 c101888:	e51b3020 	ldr	r3, [fp, #-32]	; 0xffffffe0
 c10188c:	e59f2054 	ldr	r2, [pc, #84]	; c1018e8 <uart0_putint+0x108>
 c101890:	e0c21293 	smull	r1, r2, r3, r2
 c101894:	e1a02142 	asr	r2, r2, #2
 c101898:	e1a03fc3 	asr	r3, r3, #31
 c10189c:	e0633002 	rsb	r3, r3, r2
 c1018a0:	e50b3020 	str	r3, [fp, #-32]	; 0xffffffe0
	} while (i);
 c1018a4:	e51b3020 	ldr	r3, [fp, #-32]	; 0xffffffe0
 c1018a8:	e3530000 	cmp	r3, #0
 c1018ac:	1affffe0 	bne	c101834 <uart0_putint+0x54>

	if(negativo)
 c1018b0:	e55b3011 	ldrb	r3, [fp, #-17]	; 0xffffffef
 c1018b4:	e3530000 	cmp	r3, #0
 c1018b8:	0a000005 	beq	c1018d4 <uart0_putint+0xf4>
		*--p = '-';
 c1018bc:	e51b3010 	ldr	r3, [fp, #-16]
 c1018c0:	e2433001 	sub	r3, r3, #1
 c1018c4:	e50b3010 	str	r3, [fp, #-16]
 c1018c8:	e51b3010 	ldr	r3, [fp, #-16]
 c1018cc:	e3a0202d 	mov	r2, #45	; 0x2d
 c1018d0:	e5c32000 	strb	r2, [r3]

	uart0_puts( p );
 c1018d4:	e51b0010 	ldr	r0, [fp, #-16]
 c1018d8:	ebffffac 	bl	c101790 <uart0_puts>
}
 c1018dc:	e24bd00c 	sub	sp, fp, #12
 c1018e0:	e89d6800 	ldm	sp, {fp, sp, lr}
 c1018e4:	e12fff1e 	bx	lr
 c1018e8:	66666667 	.word	0x66666667

0c1018ec <uart0_puthex>:

void uart0_puthex( uint32 i )
{
 c1018ec:	e1a0c00d 	mov	ip, sp
 c1018f0:	e92dd800 	push	{fp, ip, lr, pc}
 c1018f4:	e24cb004 	sub	fp, ip, #4
 c1018f8:	e24dd018 	sub	sp, sp, #24
 c1018fc:	e50b0020 	str	r0, [fp, #-32]	; 0xffffffe0
    char buf[8 + 1];
    char *p = buf + 8;
 c101900:	e24b301c 	sub	r3, fp, #28
 c101904:	e2833008 	add	r3, r3, #8
 c101908:	e50b3010 	str	r3, [fp, #-16]
    uint8 c;

    *p = '\0';
 c10190c:	e51b3010 	ldr	r3, [fp, #-16]
 c101910:	e3a02000 	mov	r2, #0
 c101914:	e5c32000 	strb	r2, [r3]

    do {
        c = i & 0xf;
 c101918:	e51b3020 	ldr	r3, [fp, #-32]	; 0xffffffe0
 c10191c:	e20330ff 	and	r3, r3, #255	; 0xff
 c101920:	e203300f 	and	r3, r3, #15
 c101924:	e54b3011 	strb	r3, [fp, #-17]	; 0xffffffef
        if( c < 10 )
 c101928:	e55b3011 	ldrb	r3, [fp, #-17]	; 0xffffffef
 c10192c:	e3530009 	cmp	r3, #9
 c101930:	8a000008 	bhi	c101958 <uart0_puthex+0x6c>
            *--p = '0' + c;
 c101934:	e51b3010 	ldr	r3, [fp, #-16]
 c101938:	e2433001 	sub	r3, r3, #1
 c10193c:	e50b3010 	str	r3, [fp, #-16]
 c101940:	e55b3011 	ldrb	r3, [fp, #-17]	; 0xffffffef
 c101944:	e2833030 	add	r3, r3, #48	; 0x30
 c101948:	e20320ff 	and	r2, r3, #255	; 0xff
 c10194c:	e51b3010 	ldr	r3, [fp, #-16]
 c101950:	e5c32000 	strb	r2, [r3]
 c101954:	ea000007 	b	c101978 <uart0_puthex+0x8c>
        else
            *--p = 'a' + c - 10;
 c101958:	e51b3010 	ldr	r3, [fp, #-16]
 c10195c:	e2433001 	sub	r3, r3, #1
 c101960:	e50b3010 	str	r3, [fp, #-16]
 c101964:	e55b3011 	ldrb	r3, [fp, #-17]	; 0xffffffef
 c101968:	e2833057 	add	r3, r3, #87	; 0x57
 c10196c:	e20320ff 	and	r2, r3, #255	; 0xff
 c101970:	e51b3010 	ldr	r3, [fp, #-16]
 c101974:	e5c32000 	strb	r2, [r3]
        i = i >> 4;
 c101978:	e51b3020 	ldr	r3, [fp, #-32]	; 0xffffffe0
 c10197c:	e1a03223 	lsr	r3, r3, #4
 c101980:	e50b3020 	str	r3, [fp, #-32]	; 0xffffffe0
    } while( i );
 c101984:	e51b3020 	ldr	r3, [fp, #-32]	; 0xffffffe0
 c101988:	e3530000 	cmp	r3, #0
 c10198c:	1affffe1 	bne	c101918 <uart0_puthex+0x2c>

    uart0_puts( p );
 c101990:	e51b0010 	ldr	r0, [fp, #-16]
 c101994:	ebffff7d 	bl	c101790 <uart0_puts>
}
 c101998:	e24bd00c 	sub	sp, fp, #12
 c10199c:	e89d6800 	ldm	sp, {fp, sp, lr}
 c1019a0:	e12fff1e 	bx	lr

0c1019a4 <uart0_gets>:

void uart0_gets( char *s )
{
 c1019a4:	e1a0c00d 	mov	ip, sp
 c1019a8:	e92dd800 	push	{fp, ip, lr, pc}
 c1019ac:	e24cb004 	sub	fp, ip, #4
 c1019b0:	e24dd010 	sub	sp, sp, #16
 c1019b4:	e50b0018 	str	r0, [fp, #-24]	; 0xffffffe8
	char c;
	c = uart0_getchar();
 c1019b8:	ebffff62 	bl	c101748 <uart0_getchar>
 c1019bc:	e1a03000 	mov	r3, r0
 c1019c0:	e54b300d 	strb	r3, [fp, #-13]
	while(c != '\n') {
 c1019c4:	ea000008 	b	c1019ec <uart0_gets+0x48>
		*s++ = c;
 c1019c8:	e51b3018 	ldr	r3, [fp, #-24]	; 0xffffffe8
 c1019cc:	e55b200d 	ldrb	r2, [fp, #-13]
 c1019d0:	e5c32000 	strb	r2, [r3]
 c1019d4:	e51b3018 	ldr	r3, [fp, #-24]	; 0xffffffe8
 c1019d8:	e2833001 	add	r3, r3, #1
 c1019dc:	e50b3018 	str	r3, [fp, #-24]	; 0xffffffe8
		c = uart0_getchar();
 c1019e0:	ebffff58 	bl	c101748 <uart0_getchar>
 c1019e4:	e1a03000 	mov	r3, r0
 c1019e8:	e54b300d 	strb	r3, [fp, #-13]

void uart0_gets( char *s )
{
	char c;
	c = uart0_getchar();
	while(c != '\n') {
 c1019ec:	e55b300d 	ldrb	r3, [fp, #-13]
 c1019f0:	e353000a 	cmp	r3, #10
 c1019f4:	1afffff3 	bne	c1019c8 <uart0_gets+0x24>
		*s++ = c;
		c = uart0_getchar();
	}
	*s = '\0';
 c1019f8:	e51b3018 	ldr	r3, [fp, #-24]	; 0xffffffe8
 c1019fc:	e3a02000 	mov	r2, #0
 c101a00:	e5c32000 	strb	r2, [r3]
}
 c101a04:	e24bd00c 	sub	sp, fp, #12
 c101a08:	e89d6800 	ldm	sp, {fp, sp, lr}
 c101a0c:	e12fff1e 	bx	lr

0c101a10 <uart0_getint>:

int32 uart0_getint( void )
{
 c101a10:	e1a0c00d 	mov	ip, sp
 c101a14:	e92dd800 	push	{fp, ip, lr, pc}
 c101a18:	e24cb004 	sub	fp, ip, #4
 c101a1c:	e24dde11 	sub	sp, sp, #272	; 0x110
	int32 entero = 0;
 c101a20:	e3a03000 	mov	r3, #0
 c101a24:	e50b3010 	str	r3, [fp, #-16]
	char cadena[256], *p;
	uart0_gets( cadena );
 c101a28:	e24b3f46 	sub	r3, fp, #280	; 0x118
 c101a2c:	e1a00003 	mov	r0, r3
 c101a30:	ebffffdb 	bl	c1019a4 <uart0_gets>
	boolean negativo = FALSE ;
 c101a34:	e3a03000 	mov	r3, #0
 c101a38:	e54b3015 	strb	r3, [fp, #-21]	; 0xffffffeb

	p = cadena;
 c101a3c:	e24b3f46 	sub	r3, fp, #280	; 0x118
 c101a40:	e50b3014 	str	r3, [fp, #-20]	; 0xffffffec

	if( *p == '-') {
 c101a44:	e51b3014 	ldr	r3, [fp, #-20]	; 0xffffffec
 c101a48:	e5d33000 	ldrb	r3, [r3]
 c101a4c:	e353002d 	cmp	r3, #45	; 0x2d
 c101a50:	1a000013 	bne	c101aa4 <uart0_getint+0x94>
		negativo = TRUE;
 c101a54:	e3a03001 	mov	r3, #1
 c101a58:	e54b3015 	strb	r3, [fp, #-21]	; 0xffffffeb
		p++;
 c101a5c:	e51b3014 	ldr	r3, [fp, #-20]	; 0xffffffec
 c101a60:	e2833001 	add	r3, r3, #1
 c101a64:	e50b3014 	str	r3, [fp, #-20]	; 0xffffffec
	}
	while( *p != '\0') {
 c101a68:	ea00000e 	b	c101aa8 <uart0_getint+0x98>
		entero = (*(p++) - '0') + entero*10;
 c101a6c:	e51b3014 	ldr	r3, [fp, #-20]	; 0xffffffec
 c101a70:	e5d33000 	ldrb	r3, [r3]
 c101a74:	e2431030 	sub	r1, r3, #48	; 0x30
 c101a78:	e51b2010 	ldr	r2, [fp, #-16]
 c101a7c:	e1a03002 	mov	r3, r2
 c101a80:	e1a03103 	lsl	r3, r3, #2
 c101a84:	e0833002 	add	r3, r3, r2
 c101a88:	e1a03083 	lsl	r3, r3, #1
 c101a8c:	e0813003 	add	r3, r1, r3
 c101a90:	e50b3010 	str	r3, [fp, #-16]
 c101a94:	e51b3014 	ldr	r3, [fp, #-20]	; 0xffffffec
 c101a98:	e2833001 	add	r3, r3, #1
 c101a9c:	e50b3014 	str	r3, [fp, #-20]	; 0xffffffec
 c101aa0:	ea000000 	b	c101aa8 <uart0_getint+0x98>

	if( *p == '-') {
		negativo = TRUE;
		p++;
	}
	while( *p != '\0') {
 c101aa4:	e1a00000 	nop			; (mov r0, r0)
 c101aa8:	e51b3014 	ldr	r3, [fp, #-20]	; 0xffffffec
 c101aac:	e5d33000 	ldrb	r3, [r3]
 c101ab0:	e3530000 	cmp	r3, #0
 c101ab4:	1affffec 	bne	c101a6c <uart0_getint+0x5c>
		entero = (*(p++) - '0') + entero*10;
	}

	if(negativo)
 c101ab8:	e55b3015 	ldrb	r3, [fp, #-21]	; 0xffffffeb
 c101abc:	e3530000 	cmp	r3, #0
 c101ac0:	0a000002 	beq	c101ad0 <uart0_getint+0xc0>
		entero *= -1;
 c101ac4:	e51b3010 	ldr	r3, [fp, #-16]
 c101ac8:	e2633000 	rsb	r3, r3, #0
 c101acc:	e50b3010 	str	r3, [fp, #-16]
	return entero;
 c101ad0:	e51b3010 	ldr	r3, [fp, #-16]
}
 c101ad4:	e1a00003 	mov	r0, r3
 c101ad8:	e24bd00c 	sub	sp, fp, #12
 c101adc:	e89d6800 	ldm	sp, {fp, sp, lr}
 c101ae0:	e12fff1e 	bx	lr

0c101ae4 <uart0_gethex>:

uint32 uart0_gethex( void )
{
 c101ae4:	e1a0c00d 	mov	ip, sp
 c101ae8:	e92dd800 	push	{fp, ip, lr, pc}
 c101aec:	e24cb004 	sub	fp, ip, #4
 c101af0:	e24ddf42 	sub	sp, sp, #264	; 0x108
	uint32 hex = 0;
 c101af4:	e3a03000 	mov	r3, #0
 c101af8:	e50b3010 	str	r3, [fp, #-16]
	char cadena[256], *p;
	uart0_gets( cadena );
 c101afc:	e24b3f45 	sub	r3, fp, #276	; 0x114
 c101b00:	e1a00003 	mov	r0, r3
 c101b04:	ebffffa6 	bl	c1019a4 <uart0_gets>

	p = cadena;
 c101b08:	e24b3f45 	sub	r3, fp, #276	; 0x114
 c101b0c:	e50b3014 	str	r3, [fp, #-20]	; 0xffffffec

	while( *p != '\0') {
 c101b10:	ea00003a 	b	c101c00 <uart0_gethex+0x11c>
			if (*p >= '0' && *p <= '9')
 c101b14:	e51b3014 	ldr	r3, [fp, #-20]	; 0xffffffec
 c101b18:	e5d33000 	ldrb	r3, [r3]
 c101b1c:	e353002f 	cmp	r3, #47	; 0x2f
 c101b20:	9a00000f 	bls	c101b64 <uart0_gethex+0x80>
 c101b24:	e51b3014 	ldr	r3, [fp, #-20]	; 0xffffffec
 c101b28:	e5d33000 	ldrb	r3, [r3]
 c101b2c:	e3530039 	cmp	r3, #57	; 0x39
 c101b30:	8a00000b 	bhi	c101b64 <uart0_gethex+0x80>
				hex = (*(p++) - '0') + hex*16;
 c101b34:	e51b3014 	ldr	r3, [fp, #-20]	; 0xffffffec
 c101b38:	e5d33000 	ldrb	r3, [r3]
 c101b3c:	e1a02003 	mov	r2, r3
 c101b40:	e51b3010 	ldr	r3, [fp, #-16]
 c101b44:	e1a03203 	lsl	r3, r3, #4
 c101b48:	e0823003 	add	r3, r2, r3
 c101b4c:	e2433030 	sub	r3, r3, #48	; 0x30
 c101b50:	e50b3010 	str	r3, [fp, #-16]
 c101b54:	e51b3014 	ldr	r3, [fp, #-20]	; 0xffffffec
 c101b58:	e2833001 	add	r3, r3, #1
 c101b5c:	e50b3014 	str	r3, [fp, #-20]	; 0xffffffec
 c101b60:	ea000026 	b	c101c00 <uart0_gethex+0x11c>
			else if (*p >= 'A' && *p <= 'F')
 c101b64:	e51b3014 	ldr	r3, [fp, #-20]	; 0xffffffec
 c101b68:	e5d33000 	ldrb	r3, [r3]
 c101b6c:	e3530040 	cmp	r3, #64	; 0x40
 c101b70:	9a00000f 	bls	c101bb4 <uart0_gethex+0xd0>
 c101b74:	e51b3014 	ldr	r3, [fp, #-20]	; 0xffffffec
 c101b78:	e5d33000 	ldrb	r3, [r3]
 c101b7c:	e3530046 	cmp	r3, #70	; 0x46
 c101b80:	8a00000b 	bhi	c101bb4 <uart0_gethex+0xd0>
				hex = ((*(p++) - 'A') + 10) + hex*16;
 c101b84:	e51b3014 	ldr	r3, [fp, #-20]	; 0xffffffec
 c101b88:	e5d33000 	ldrb	r3, [r3]
 c101b8c:	e1a02003 	mov	r2, r3
 c101b90:	e51b3010 	ldr	r3, [fp, #-16]
 c101b94:	e1a03203 	lsl	r3, r3, #4
 c101b98:	e0823003 	add	r3, r2, r3
 c101b9c:	e2433037 	sub	r3, r3, #55	; 0x37
 c101ba0:	e50b3010 	str	r3, [fp, #-16]
 c101ba4:	e51b3014 	ldr	r3, [fp, #-20]	; 0xffffffec
 c101ba8:	e2833001 	add	r3, r3, #1
 c101bac:	e50b3014 	str	r3, [fp, #-20]	; 0xffffffec
 c101bb0:	ea000012 	b	c101c00 <uart0_gethex+0x11c>
			else if (*p >= 'a' && *p <= 'f')
 c101bb4:	e51b3014 	ldr	r3, [fp, #-20]	; 0xffffffec
 c101bb8:	e5d33000 	ldrb	r3, [r3]
 c101bbc:	e3530060 	cmp	r3, #96	; 0x60
 c101bc0:	9a00000e 	bls	c101c00 <uart0_gethex+0x11c>
 c101bc4:	e51b3014 	ldr	r3, [fp, #-20]	; 0xffffffec
 c101bc8:	e5d33000 	ldrb	r3, [r3]
 c101bcc:	e3530066 	cmp	r3, #102	; 0x66
 c101bd0:	8a00000a 	bhi	c101c00 <uart0_gethex+0x11c>
				hex = ((*(p++) - 'a') + 10) + hex*16;
 c101bd4:	e51b3014 	ldr	r3, [fp, #-20]	; 0xffffffec
 c101bd8:	e5d33000 	ldrb	r3, [r3]
 c101bdc:	e1a02003 	mov	r2, r3
 c101be0:	e51b3010 	ldr	r3, [fp, #-16]
 c101be4:	e1a03203 	lsl	r3, r3, #4
 c101be8:	e0823003 	add	r3, r2, r3
 c101bec:	e2433057 	sub	r3, r3, #87	; 0x57
 c101bf0:	e50b3010 	str	r3, [fp, #-16]
 c101bf4:	e51b3014 	ldr	r3, [fp, #-20]	; 0xffffffec
 c101bf8:	e2833001 	add	r3, r3, #1
 c101bfc:	e50b3014 	str	r3, [fp, #-20]	; 0xffffffec
	char cadena[256], *p;
	uart0_gets( cadena );

	p = cadena;

	while( *p != '\0') {
 c101c00:	e51b3014 	ldr	r3, [fp, #-20]	; 0xffffffec
 c101c04:	e5d33000 	ldrb	r3, [r3]
 c101c08:	e3530000 	cmp	r3, #0
 c101c0c:	1affffc0 	bne	c101b14 <uart0_gethex+0x30>
			else if (*p >= 'A' && *p <= 'F')
				hex = ((*(p++) - 'A') + 10) + hex*16;
			else if (*p >= 'a' && *p <= 'f')
				hex = ((*(p++) - 'a') + 10) + hex*16;
		}
	return hex;
 c101c10:	e51b3010 	ldr	r3, [fp, #-16]
}
 c101c14:	e1a00003 	mov	r0, r3
 c101c18:	e24bd00c 	sub	sp, fp, #12
 c101c1c:	e89d6800 	ldm	sp, {fp, sp, lr}
 c101c20:	e12fff1e 	bx	lr
